Started GET "/" for ::1 at 2020-12-16 13:07:39 -0800
  
PG::ConnectionBad (fe_sendauth: no password supplied
):
  
pg-1.2.3-x64 (mingw32) lib/pg.rb:58:in `initialize'
pg-1.2.3-x64 (mingw32) lib/pg.rb:58:in `new'
pg-1.2.3-x64 (mingw32) lib/pg.rb:58:in `connect'
activerecord (6.0.3.4) lib/active_record/connection_adapters/postgresql_adapter.rb:46:in `postgresql_connection'
activerecord (6.0.3.4) lib/active_record/connection_adapters/abstract/connection_pool.rb:887:in `new_connection'
activerecord (6.0.3.4) lib/active_record/connection_adapters/abstract/connection_pool.rb:931:in `checkout_new_connection'
activerecord (6.0.3.4) lib/active_record/connection_adapters/abstract/connection_pool.rb:910:in `try_to_checkout_new_connection'
activerecord (6.0.3.4) lib/active_record/connection_adapters/abstract/connection_pool.rb:871:in `acquire_connection'
activerecord (6.0.3.4) lib/active_record/connection_adapters/abstract/connection_pool.rb:593:in `checkout'
activerecord (6.0.3.4) lib/active_record/connection_adapters/abstract/connection_pool.rb:437:in `connection'
activerecord (6.0.3.4) lib/active_record/connection_adapters/abstract/connection_pool.rb:1119:in `retrieve_connection'
activerecord (6.0.3.4) lib/active_record/connection_handling.rb:221:in `retrieve_connection'
activerecord (6.0.3.4) lib/active_record/connection_handling.rb:189:in `connection'
activerecord (6.0.3.4) lib/active_record/migration.rb:562:in `call'
actionpack (6.0.3.4) lib/action_dispatch/middleware/callbacks.rb:27:in `block in call'
activesupport (6.0.3.4) lib/active_support/callbacks.rb:101:in `run_callbacks'
actionpack (6.0.3.4) lib/action_dispatch/middleware/callbacks.rb:26:in `call'
actionpack (6.0.3.4) lib/action_dispatch/middleware/executor.rb:14:in `call'
actionpack (6.0.3.4) lib/action_dispatch/middleware/actionable_exceptions.rb:18:in `call'
actionpack (6.0.3.4) lib/action_dispatch/middleware/debug_exceptions.rb:32:in `call'
web-console (4.1.0) lib/web_console/middleware.rb:132:in `call_app'
web-console (4.1.0) lib/web_console/middleware.rb:28:in `block in call'
web-console (4.1.0) lib/web_console/middleware.rb:17:in `catch'
web-console (4.1.0) lib/web_console/middleware.rb:17:in `call'
actionpack (6.0.3.4) lib/action_dispatch/middleware/show_exceptions.rb:33:in `call'
railties (6.0.3.4) lib/rails/rack/logger.rb:37:in `call_app'
railties (6.0.3.4) lib/rails/rack/logger.rb:26:in `block in call'
activesupport (6.0.3.4) lib/active_support/tagged_logging.rb:80:in `block in tagged'
activesupport (6.0.3.4) lib/active_support/tagged_logging.rb:28:in `tagged'
activesupport (6.0.3.4) lib/active_support/tagged_logging.rb:80:in `tagged'
railties (6.0.3.4) lib/rails/rack/logger.rb:26:in `call'
sprockets-rails (3.2.2) lib/sprockets/rails/quiet_assets.rb:13:in `call'
actionpack (6.0.3.4) lib/action_dispatch/middleware/remote_ip.rb:81:in `call'
actionpack (6.0.3.4) lib/action_dispatch/middleware/request_id.rb:27:in `call'
rack (2.2.3) lib/rack/method_override.rb:24:in `call'
rack (2.2.3) lib/rack/runtime.rb:22:in `call'
activesupport (6.0.3.4) lib/active_support/cache/strategy/local_cache_middleware.rb:29:in `call'
actionpack (6.0.3.4) lib/action_dispatch/middleware/executor.rb:14:in `call'
actionpack (6.0.3.4) lib/action_dispatch/middleware/static.rb:126:in `call'
rack (2.2.3) lib/rack/sendfile.rb:110:in `call'
actionpack (6.0.3.4) lib/action_dispatch/middleware/host_authorization.rb:82:in `call'
webpacker (4.3.0) lib/webpacker/dev_server_proxy.rb:23:in `perform_request'
rack-proxy (0.6.5) lib/rack/proxy.rb:57:in `call'
railties (6.0.3.4) lib/rails/engine.rb:527:in `call'
puma (4.3.7) lib/puma/configuration.rb:228:in `call'
puma (4.3.7) lib/puma/server.rb:713:in `handle_request'
puma (4.3.7) lib/puma/server.rb:472:in `process_client'
puma (4.3.7) lib/puma/server.rb:328:in `block in run'
puma (4.3.7) lib/puma/thread_pool.rb:134:in `block in spawn_thread'
Started GET "/" for ::1 at 2020-12-16 13:10:27 -0800
Processing by Rails::WelcomeController#index as HTML
  Rendering C:/Ruby26-x64/lib/ruby/gems/2.6.0/gems/railties-6.0.3.4/lib/rails/templates/rails/welcome/index.html.erb
  Rendered C:/Ruby26-x64/lib/ruby/gems/2.6.0/gems/railties-6.0.3.4/lib/rails/templates/rails/welcome/index.html.erb (Duration: 46.1ms | Allocations: 314)
Completed 200 OK in 70ms (Views: 58.3ms | ActiveRecord: 0.0ms | Allocations: 1776)


  [1m[35m (110.1ms)[0m  [1m[35mCREATE TABLE "schema_migrations" ("version" character varying NOT NULL PRIMARY KEY)[0m
  [1m[35m (17.1ms)[0m  [1m[35mCREATE TABLE "ar_internal_metadata" ("key" character varying NOT NULL PRIMARY KEY, "value" character varying, "created_at" timestamp(6) NOT NULL, "updated_at" timestamp(6) NOT NULL)[0m
  [1m[35m (2.1ms)[0m  [1m[34mSELECT pg_try_advisory_lock(6302314972764189855)[0m
  [1m[35m (1.7ms)[0m  [1m[34mSELECT "schema_migrations"."version" FROM "schema_migrations" ORDER BY "schema_migrations"."version" ASC[0m
Migrating to EnableUuid (20201216211530)
  [1m[35m (0.8ms)[0m  [1m[35mBEGIN[0m
  [1m[35mSQL (29.8ms)[0m  [1m[35mCREATE EXTENSION IF NOT EXISTS "pg_crypto"[0m
  [1m[35m (0.4ms)[0m  [1m[31mROLLBACK[0m
  [1m[35m (0.6ms)[0m  [1m[34mSELECT pg_advisory_unlock(6302314972764189855)[0m
  [1m[35m (0.6ms)[0m  [1m[34mSELECT pg_try_advisory_lock(6302314972764189855)[0m
  [1m[35m (2.9ms)[0m  [1m[34mSELECT "schema_migrations"."version" FROM "schema_migrations" ORDER BY "schema_migrations"."version" ASC[0m
Migrating to CreateSnippets (20201216211931)
  [1m[35m (0.3ms)[0m  [1m[35mBEGIN[0m
  [1m[35m (42.8ms)[0m  [1m[35mCREATE TABLE "snippets" ("id" bigserial primary key, "trigger" text, "replacement" text, "type" text, "is_public" boolean, "tags" text, "created_at" timestamp(6) NOT NULL, "updated_at" timestamp(6) NOT NULL)[0m
  [1m[36mprimary::SchemaMigration Create (5.6ms)[0m  [1m[32mINSERT INTO "schema_migrations" ("version") VALUES ($1) RETURNING "version"[0m  [["version", "20201216211931"]]
  [1m[35m (1.9ms)[0m  [1m[35mCOMMIT[0m
Migrating to CreateSnippetsLists (20201216212105)
  [1m[35m (1.3ms)[0m  [1m[35mBEGIN[0m
  [1m[35m (16.9ms)[0m  [1m[35mCREATE TABLE "snippets_lists" ("id" bigserial primary key, "is_public" boolean, "tags" text, "created_at" timestamp(6) NOT NULL, "updated_at" timestamp(6) NOT NULL)[0m
  [1m[36mprimary::SchemaMigration Create (0.7ms)[0m  [1m[32mINSERT INTO "schema_migrations" ("version") VALUES ($1) RETURNING "version"[0m  [["version", "20201216212105"]]
  [1m[35m (0.8ms)[0m  [1m[35mCOMMIT[0m
Migrating to DeviseCreateUsers (20201216212348)
  [1m[35m (1.7ms)[0m  [1m[35mBEGIN[0m
  [1m[35m (16.0ms)[0m  [1m[35mCREATE TABLE "users" ("id" bigserial primary key, "email" character varying DEFAULT '' NOT NULL, "encrypted_password" character varying DEFAULT '' NOT NULL, "reset_password_token" character varying, "reset_password_sent_at" timestamp, "remember_created_at" timestamp, "created_at" timestamp(6) NOT NULL, "updated_at" timestamp(6) NOT NULL)[0m
  [1m[35m (5.7ms)[0m  [1m[35mCREATE UNIQUE INDEX  "index_users_on_email" ON "users"  ("email")[0m
  [1m[35m (6.4ms)[0m  [1m[35mCREATE UNIQUE INDEX  "index_users_on_reset_password_token" ON "users"  ("reset_password_token")[0m
  [1m[36mprimary::SchemaMigration Create (0.4ms)[0m  [1m[32mINSERT INTO "schema_migrations" ("version") VALUES ($1) RETURNING "version"[0m  [["version", "20201216212348"]]
  [1m[35m (0.7ms)[0m  [1m[35mCOMMIT[0m
  [1m[36mActiveRecord::InternalMetadata Load (1.5ms)[0m  [1m[34mSELECT "ar_internal_metadata".* FROM "ar_internal_metadata" WHERE "ar_internal_metadata"."key" = $1 LIMIT $2[0m  [["key", "environment"], ["LIMIT", 1]]
  [1m[35m (0.3ms)[0m  [1m[35mBEGIN[0m
  [1m[36mActiveRecord::InternalMetadata Create (2.9ms)[0m  [1m[32mINSERT INTO "ar_internal_metadata" ("key", "value", "created_at", "updated_at") VALUES ($1, $2, $3, $4) RETURNING "key"[0m  [["key", "environment"], ["value", "development"], ["created_at", "2020-12-16 21:24:09.144996"], ["updated_at", "2020-12-16 21:24:09.144996"]]
  [1m[35m (0.6ms)[0m  [1m[35mCOMMIT[0m
  [1m[35m (0.6ms)[0m  [1m[34mSELECT pg_advisory_unlock(6302314972764189855)[0m
  [1m[35m (2.5ms)[0m  [1m[34mSELECT "schema_migrations"."version" FROM "schema_migrations" ORDER BY "schema_migrations"."version" ASC[0m
  [1m[35m (2.2ms)[0m  [1m[34mSELECT "schema_migrations"."version" FROM "schema_migrations" ORDER BY "schema_migrations"."version" ASC[0m
  [1m[35m (1.7ms)[0m  [1m[34mSELECT "ar_internal_metadata"."value" FROM "ar_internal_metadata" WHERE "ar_internal_metadata"."key" = $1[0m  [["key", "environment"]]
  [1m[35m (0.3ms)[0m  [1m[34mSELECT "schema_migrations"."version" FROM "schema_migrations" ORDER BY "schema_migrations"."version" ASC[0m
  [1m[35m (0.3ms)[0m  [1m[34mSELECT "ar_internal_metadata"."value" FROM "ar_internal_metadata" WHERE "ar_internal_metadata"."key" = $1[0m  [["key", "environment"]]
  [1m[35m (0.4ms)[0m  [1m[34mSELECT "schema_migrations"."version" FROM "schema_migrations" ORDER BY "schema_migrations"."version" ASC[0m
  [1m[35m (0.2ms)[0m  [1m[34mSELECT "ar_internal_metadata"."value" FROM "ar_internal_metadata" WHERE "ar_internal_metadata"."key" = $1[0m  [["key", "environment"]]
  [1m[35m (184.6ms)[0m  [1m[35mDROP DATABASE IF EXISTS "rails_app_development"[0m
  [1m[35m (212.8ms)[0m  [1m[35mDROP DATABASE IF EXISTS "rails_app_test"[0m
  [1m[35m (1703.2ms)[0m  [1m[35mCREATE DATABASE "rails_app_development" ENCODING = 'unicode'[0m
  [1m[35m (1325.7ms)[0m  [1m[35mCREATE DATABASE "rails_app_test" ENCODING = 'unicode'[0m
  [1m[35m (29.0ms)[0m  [1m[35mCREATE TABLE "schema_migrations" ("version" character varying NOT NULL PRIMARY KEY)[0m
  [1m[35m (12.3ms)[0m  [1m[35mCREATE TABLE "ar_internal_metadata" ("key" character varying NOT NULL PRIMARY KEY, "value" character varying, "created_at" timestamp(6) NOT NULL, "updated_at" timestamp(6) NOT NULL)[0m
  [1m[35m (0.8ms)[0m  [1m[34mSELECT pg_try_advisory_lock(6302314972764189855)[0m
  [1m[35m (1.1ms)[0m  [1m[34mSELECT "schema_migrations"."version" FROM "schema_migrations" ORDER BY "schema_migrations"."version" ASC[0m
Migrating to CreateSnippets (20201216211931)
  [1m[35m (0.4ms)[0m  [1m[35mBEGIN[0m
  [1m[35m (17.7ms)[0m  [1m[35mCREATE TABLE "snippets" ("id" bigserial primary key, "trigger" text, "replacement" text, "type" text, "is_public" boolean, "tags" text, "taggable_type" character varying, "taggable_id" bigint, "created_at" timestamp(6) NOT NULL, "updated_at" timestamp(6) NOT NULL)[0m
  [1m[35m (5.2ms)[0m  [1m[35mCREATE  INDEX  "index_snippets_on_taggable_type_and_taggable_id" ON "snippets"  ("taggable_type", "taggable_id")[0m
  [1m[36mprimary::SchemaMigration Create (0.9ms)[0m  [1m[32mINSERT INTO "schema_migrations" ("version") VALUES ($1) RETURNING "version"[0m  [["version", "20201216211931"]]
  [1m[35m (0.6ms)[0m  [1m[35mCOMMIT[0m
Migrating to CreateSnippetsLists (20201216212105)
  [1m[35m (2.5ms)[0m  [1m[35mBEGIN[0m
  [1m[35m (17.0ms)[0m  [1m[35mCREATE TABLE "snippets_lists" ("id" bigserial primary key, "is_public" boolean, "tags" text, "taggable_type" character varying, "taggable_id" bigint, "created_at" timestamp(6) NOT NULL, "updated_at" timestamp(6) NOT NULL)[0m
  [1m[35m (13.2ms)[0m  [1m[35mCREATE  INDEX  "index_snippets_lists_on_taggable_type_and_taggable_id" ON "snippets_lists"  ("taggable_type", "taggable_id")[0m
  [1m[36mprimary::SchemaMigration Create (0.5ms)[0m  [1m[32mINSERT INTO "schema_migrations" ("version") VALUES ($1) RETURNING "version"[0m  [["version", "20201216212105"]]
  [1m[35m (0.7ms)[0m  [1m[35mCOMMIT[0m
Migrating to DeviseCreateUsers (20201216212348)
  [1m[35m (1.9ms)[0m  [1m[35mBEGIN[0m
  [1m[35m (12.9ms)[0m  [1m[35mCREATE TABLE "users" ("id" bigserial primary key, "email" character varying DEFAULT '' NOT NULL, "encrypted_password" character varying DEFAULT '' NOT NULL, "reset_password_token" character varying, "reset_password_sent_at" timestamp, "remember_created_at" timestamp, "created_at" timestamp(6) NOT NULL, "updated_at" timestamp(6) NOT NULL)[0m
  [1m[35m (5.2ms)[0m  [1m[35mCREATE UNIQUE INDEX  "index_users_on_email" ON "users"  ("email")[0m
  [1m[35m (5.8ms)[0m  [1m[35mCREATE UNIQUE INDEX  "index_users_on_reset_password_token" ON "users"  ("reset_password_token")[0m
  [1m[36mprimary::SchemaMigration Create (0.5ms)[0m  [1m[32mINSERT INTO "schema_migrations" ("version") VALUES ($1) RETURNING "version"[0m  [["version", "20201216212348"]]
  [1m[35m (0.6ms)[0m  [1m[35mCOMMIT[0m
Migrating to CreateTags (20201216213457)
  [1m[35m (2.1ms)[0m  [1m[35mBEGIN[0m
  [1m[35m (15.6ms)[0m  [1m[35mCREATE TABLE "tags" ("id" bigserial primary key, "slug" text, "is_public" boolean, "created_at" timestamp(6) NOT NULL, "updated_at" timestamp(6) NOT NULL)[0m
  [1m[36mprimary::SchemaMigration Create (0.5ms)[0m  [1m[32mINSERT INTO "schema_migrations" ("version") VALUES ($1) RETURNING "version"[0m  [["version", "20201216213457"]]
  [1m[35m (1.0ms)[0m  [1m[35mCOMMIT[0m
  [1m[36mActiveRecord::InternalMetadata Load (1.1ms)[0m  [1m[34mSELECT "ar_internal_metadata".* FROM "ar_internal_metadata" WHERE "ar_internal_metadata"."key" = $1 LIMIT $2[0m  [["key", "environment"], ["LIMIT", 1]]
  [1m[35m (0.3ms)[0m  [1m[35mBEGIN[0m
  [1m[36mActiveRecord::InternalMetadata Create (1.0ms)[0m  [1m[32mINSERT INTO "ar_internal_metadata" ("key", "value", "created_at", "updated_at") VALUES ($1, $2, $3, $4) RETURNING "key"[0m  [["key", "environment"], ["value", "development"], ["created_at", "2020-12-16 22:03:26.842112"], ["updated_at", "2020-12-16 22:03:26.842112"]]
  [1m[35m (0.6ms)[0m  [1m[35mCOMMIT[0m
  [1m[35m (0.4ms)[0m  [1m[34mSELECT pg_advisory_unlock(6302314972764189855)[0m
  [1m[35m (2.8ms)[0m  [1m[34mSELECT "schema_migrations"."version" FROM "schema_migrations" ORDER BY "schema_migrations"."version" ASC[0m
Started GET "/" for ::1 at 2020-12-16 14:04:22 -0800
  [1m[35m (2.8ms)[0m  [1m[34mSELECT "schema_migrations"."version" FROM "schema_migrations" ORDER BY "schema_migrations"."version" ASC[0m
Processing by Rails::WelcomeController#index as HTML
  Rendering C:/Ruby26-x64/lib/ruby/gems/2.6.0/gems/railties-6.0.3.4/lib/rails/templates/rails/welcome/index.html.erb
  Rendered C:/Ruby26-x64/lib/ruby/gems/2.6.0/gems/railties-6.0.3.4/lib/rails/templates/rails/welcome/index.html.erb (Duration: 33.9ms | Allocations: 477)
Completed 200 OK in 188ms (Views: 91.2ms | ActiveRecord: 0.0ms | Allocations: 2800)


Started GET "/users/sign_in" for ::1 at 2020-12-16 14:04:28 -0800
Processing by Devise::SessionsController#new as HTML
  Rendering devise/sessions/new.html.erb within layouts/application
  Rendered devise/shared/_links.html.erb (Duration: 1.6ms | Allocations: 616)
  Rendered devise/sessions/new.html.erb within layouts/application (Duration: 415.8ms | Allocations: 9085)
[Webpacker] Compiling...
[Webpacker] Compiled all packs in C:/Users/alexa/Documents/rails-app/public/packs
[Webpacker] Hash: 74b7ca287c2c74f530a1
Version: webpack 4.44.2
Time: 13585ms
Built at: 12/16/2020 2:04:49 PM
                                     Asset       Size       Chunks                         Chunk Names
    js/application-c229f7c7014cf8c8d494.js    124 KiB  application  [emitted] [immutable]  application
js/application-c229f7c7014cf8c8d494.js.map    139 KiB  application  [emitted] [dev]        application
    js/hello_react-87f42d45ac91793da730.js    1.1 MiB  hello_react  [emitted] [immutable]  hello_react
js/hello_react-87f42d45ac91793da730.js.map   1.27 MiB  hello_react  [emitted] [dev]        hello_react
                             manifest.json  703 bytes               [emitted]              
Entrypoint application = js/application-c229f7c7014cf8c8d494.js js/application-c229f7c7014cf8c8d494.js.map
Entrypoint hello_react = js/hello_react-87f42d45ac91793da730.js js/hello_react-87f42d45ac91793da730.js.map
[./app/javascript/channels sync recursive _channel\.js$] ./app/javascript/channels sync _channel\.js$ 160 bytes {application} [built]
[./app/javascript/channels/index.js] 211 bytes {application} [built]
[./app/javascript/packs/application.js] 749 bytes {application} [built]
[./app/javascript/packs/hello_react.jsx] 1.07 KiB {hello_react} [built]
[./node_modules/webpack/buildin/module.js] (webpack)/buildin/module.js 552 bytes {application} [built]
    + 18 hidden modules

Completed 200 OK in 21887ms (Views: 21841.7ms | ActiveRecord: 10.1ms | Allocations: 48786)


Started GET "/users/sign_up" for ::1 at 2020-12-16 14:05:28 -0800
Processing by Devise::RegistrationsController#new as HTML
  Rendering devise/registrations/new.html.erb within layouts/application
  Rendered devise/shared/_error_messages.html.erb (Duration: 1.3ms | Allocations: 204)
  Rendered devise/shared/_links.html.erb (Duration: 0.4ms | Allocations: 125)
  Rendered devise/registrations/new.html.erb within layouts/application (Duration: 12.7ms | Allocations: 1859)
[Webpacker] Everything's up-to-date. Nothing to do
Completed 200 OK in 118ms (Views: 116.9ms | ActiveRecord: 0.0ms | Allocations: 7720)


Started GET "/snippets/" for ::1 at 2020-12-16 14:06:02 -0800
Processing by SnippetsController#index as HTML
Completed 500 Internal Server Error in 8ms (ActiveRecord: 0.0ms | Allocations: 1227)


  
SyntaxError (C:/Users/alexa/Documents/rails-app/app/models/snippet.rb:2: syntax error, unexpected tSYMBEG, expecting do or '{' or '('
  has_many :tags, as :taggable
                     ^):
  
app/models/snippet.rb:2: syntax error, unexpected tSYMBEG, expecting do or '{' or '('
app/models/snippet.rb:2: syntax error, unexpected tSYMBEG, expecting do or '{' or '('
app/models/snippet.rb:2: syntax error, unexpected tSYMBEG, expecting do or '{' or '('
app/controllers/snippets_controller.rb:7:in `index'
Started GET "/snippets/" for ::1 at 2020-12-16 14:06:44 -0800
Processing by SnippetsController#index as HTML
Completed 500 Internal Server Error in 4ms (ActiveRecord: 0.0ms | Allocations: 1221)


  
SyntaxError (C:/Users/alexa/Documents/rails-app/app/models/snippet.rb:2: syntax error, unexpected tSYMBEG, expecting do or '{' or '('
  has_many :tags, as :taggable
                     ^
C:/Users/alexa/Documents/rails-app/app/models/snippet.rb:3: syntax error, unexpected end-of-input):
  
app/models/snippet.rb:2: syntax error, unexpected tSYMBEG, expecting do or '{' or '('
app/models/snippet.rb:3: syntax error, unexpected end-of-input
app/models/snippet.rb:2: syntax error, unexpected tSYMBEG, expecting do or '{' or '('
app/models/snippet.rb:3: syntax error, unexpected end-of-input
app/models/snippet.rb:2: syntax error, unexpected tSYMBEG, expecting do or '{' or '('
app/models/snippet.rb:3: syntax error, unexpected end-of-input
app/controllers/snippets_controller.rb:7:in `index'
Started GET "/snippets/" for ::1 at 2020-12-16 14:08:13 -0800
Processing by SnippetsController#index as HTML
  Rendering snippets/index.html.erb within layouts/application
  [1m[36mSnippet Load (2.3ms)[0m  [1m[34mSELECT "snippets".* FROM "snippets"[0m
  ↳ app/views/snippets/index.html.erb:18
  Rendered snippets/index.html.erb within layouts/application (Duration: 54.7ms | Allocations: 1722)
[Webpacker] Everything's up-to-date. Nothing to do
Completed 200 OK in 159ms (Views: 135.0ms | ActiveRecord: 5.2ms | Allocations: 8149)


Started GET "/snippets/new" for ::1 at 2020-12-16 14:08:19 -0800
Processing by SnippetsController#new as HTML
  Rendering snippets/new.html.erb within layouts/application
  Rendered snippets/_form.html.erb (Duration: 266.5ms | Allocations: 7250)
  Rendered snippets/new.html.erb within layouts/application (Duration: 271.7ms | Allocations: 7599)
[Webpacker] Everything's up-to-date. Nothing to do
Completed 200 OK in 450ms (Views: 425.0ms | ActiveRecord: 4.2ms | Allocations: 18869)


Started GET "/snippets" for ::1 at 2020-12-16 14:08:31 -0800
Processing by SnippetsController#index as HTML
  Rendering snippets/index.html.erb within layouts/application
  [1m[36mSnippet Load (0.6ms)[0m  [1m[34mSELECT "snippets".* FROM "snippets"[0m
  ↳ app/views/snippets/index.html.erb:18
  Rendered snippets/index.html.erb within layouts/application (Duration: 27.0ms | Allocations: 705)
[Webpacker] Everything's up-to-date. Nothing to do
Completed 200 OK in 109ms (Views: 107.0ms | ActiveRecord: 0.6ms | Allocations: 5679)


Started GET "/tags" for ::1 at 2020-12-16 14:16:38 -0800
Processing by TagsController#index as HTML
  Rendering tags/index.html.erb within layouts/application
  [1m[36mTag Load (2.0ms)[0m  [1m[34mSELECT "tags".* FROM "tags"[0m
  ↳ app/views/tags/index.html.erb:15
  Rendered tags/index.html.erb within layouts/application (Duration: 22.4ms | Allocations: 1427)
[Webpacker] Everything's up-to-date. Nothing to do
Completed 200 OK in 119ms (Views: 101.6ms | ActiveRecord: 14.7ms | Allocations: 7068)


Started GET "/tags/new" for ::1 at 2020-12-16 14:16:42 -0800
Processing by TagsController#new as HTML
  Rendering tags/new.html.erb within layouts/application
  Rendered tags/_form.html.erb (Duration: 3.7ms | Allocations: 1180)
  Rendered tags/new.html.erb within layouts/application (Duration: 22.6ms | Allocations: 1527)
[Webpacker] Everything's up-to-date. Nothing to do
Completed 200 OK in 111ms (Views: 94.7ms | ActiveRecord: 7.0ms | Allocations: 9603)


Started POST "/tags" for ::1 at 2020-12-16 14:16:50 -0800
Processing by TagsController#create as HTML
  Parameters: {"authenticity_token"=>"XzmnE+z0MHIc2zg7+9G9bQV831jcztAl6xbKSsV2XjFt7hmi21WMJxeTADGHMGVMJN9NYN1jLeCFsLSDSTBKqA==", "tag"=>{"slug"=>"Git", "is_public"=>"1"}, "commit"=>"Create Tag"}
  Rendering tags/new.html.erb within layouts/application
  Rendered tags/_form.html.erb (Duration: 2.2ms | Allocations: 895)
  Rendered tags/new.html.erb within layouts/application (Duration: 21.6ms | Allocations: 988)
[Webpacker] Everything's up-to-date. Nothing to do
Completed 200 OK in 180ms (Views: 88.7ms | ActiveRecord: 0.0ms | Allocations: 7997)


  [1m[35m (0.2ms)[0m  [1m[34mSELECT pg_try_advisory_lock(6302314972764189855)[0m
  [1m[35m (2.1ms)[0m  [1m[34mSELECT "schema_migrations"."version" FROM "schema_migrations" ORDER BY "schema_migrations"."version" ASC[0m
Migrating to Add (20201216221940)
  [1m[35m (0.6ms)[0m  [1m[35mBEGIN[0m
  [1m[36mprimary::SchemaMigration Create (0.7ms)[0m  [1m[32mINSERT INTO "schema_migrations" ("version") VALUES ($1) RETURNING "version"[0m  [["version", "20201216221940"]]
  [1m[35m (1.3ms)[0m  [1m[35mCOMMIT[0m
  [1m[36mActiveRecord::InternalMetadata Load (2.2ms)[0m  [1m[34mSELECT "ar_internal_metadata".* FROM "ar_internal_metadata" WHERE "ar_internal_metadata"."key" = $1 LIMIT $2[0m  [["key", "environment"], ["LIMIT", 1]]
  [1m[35m (0.5ms)[0m  [1m[34mSELECT pg_advisory_unlock(6302314972764189855)[0m
  [1m[35m (1.9ms)[0m  [1m[34mSELECT "schema_migrations"."version" FROM "schema_migrations" ORDER BY "schema_migrations"."version" ASC[0m
Started GET "/tags" for ::1 at 2020-12-16 14:20:48 -0800
  [1m[35m (2.0ms)[0m  [1m[34mSELECT "schema_migrations"."version" FROM "schema_migrations" ORDER BY "schema_migrations"."version" ASC[0m
Processing by TagsController#index as HTML
  Rendering tags/index.html.erb within layouts/application
  [1m[36mTag Load (2.0ms)[0m  [1m[34mSELECT "tags".* FROM "tags"[0m
  ↳ app/views/tags/index.html.erb:15
  Rendered tags/index.html.erb within layouts/application (Duration: 15.7ms | Allocations: 1597)
[Webpacker] Everything's up-to-date. Nothing to do
Completed 200 OK in 175ms (Views: 155.1ms | ActiveRecord: 5.0ms | Allocations: 13170)


Started GET "/tags/new" for ::1 at 2020-12-16 14:20:51 -0800
Processing by TagsController#new as HTML
  Rendering tags/new.html.erb within layouts/application
  Rendered tags/_form.html.erb (Duration: 11.0ms | Allocations: 3489)
  Rendered tags/new.html.erb within layouts/application (Duration: 27.4ms | Allocations: 3844)
[Webpacker] Everything's up-to-date. Nothing to do
Completed 200 OK in 220ms (Views: 187.1ms | ActiveRecord: 10.8ms | Allocations: 12153)


Started POST "/tags" for ::1 at 2020-12-16 14:20:58 -0800
Processing by TagsController#create as HTML
  Parameters: {"authenticity_token"=>"FPLIlZOb/UaII7x3Hk23NrEU+MkJ/2htCagOTltEULEmJXYkpDpBE4NrhH1irG8XkLdq8QhSlahnDnCH1wJEKA==", "tag"=>{"slug"=>"GitHub", "is_public"=>"1"}, "commit"=>"Create Tag"}
  Rendering tags/new.html.erb within layouts/application
  Rendered tags/_form.html.erb (Duration: 2.5ms | Allocations: 896)
  Rendered tags/new.html.erb within layouts/application (Duration: 3.7ms | Allocations: 990)
[Webpacker] Everything's up-to-date. Nothing to do
Completed 200 OK in 120ms (Views: 112.9ms | ActiveRecord: 0.0ms | Allocations: 7878)


Started GET "/tags" for ::1 at 2020-12-16 14:22:11 -0800
Processing by TagsController#index as HTML
  Rendering tags/index.html.erb within layouts/application
  [1m[36mTag Load (0.6ms)[0m  [1m[34mSELECT "tags".* FROM "tags"[0m
  ↳ app/views/tags/index.html.erb:15
  Rendered tags/index.html.erb within layouts/application (Duration: 9.3ms | Allocations: 1034)
[Webpacker] Everything's up-to-date. Nothing to do
Completed 200 OK in 106ms (Views: 101.0ms | ActiveRecord: 2.4ms | Allocations: 6538)


Started GET "/tags/new" for ::1 at 2020-12-16 14:22:13 -0800
Processing by TagsController#new as HTML
  Rendering tags/new.html.erb within layouts/application
  Rendered tags/_form.html.erb (Duration: 4.0ms | Allocations: 800)
  Rendered tags/new.html.erb within layouts/application (Duration: 27.8ms | Allocations: 893)
[Webpacker] Everything's up-to-date. Nothing to do
Completed 200 OK in 128ms (Views: 114.9ms | ActiveRecord: 3.9ms | Allocations: 8834)


Started POST "/tags" for ::1 at 2020-12-16 14:22:20 -0800
Processing by TagsController#create as HTML
  Parameters: {"authenticity_token"=>"xlubyRIRNDLZ9wiPqBfsosBG9m7TAblIlNmASGDWDIj0jCV4JbCIZ9K/MIXU9jSD4eVkVtKsRI36f/6B7JAYEQ==", "tag"=>{"slug"=>"GitHub", "is_public"=>"1"}, "commit"=>"Create Tag"}
  Rendering tags/new.html.erb within layouts/application
  Rendered tags/_form.html.erb (Duration: 3.5ms | Allocations: 882)
  Rendered tags/new.html.erb within layouts/application (Duration: 29.4ms | Allocations: 975)
[Webpacker] Everything's up-to-date. Nothing to do
Completed 200 OK in 159ms (Views: 155.2ms | ActiveRecord: 0.0ms | Allocations: 6870)


Started POST "/tags" for ::1 at 2020-12-16 14:26:29 -0800
Processing by TagsController#create as HTML
  Parameters: {"authenticity_token"=>"ZUwDbM8MeDUmpGClRaijTepkW8yMZaLsH3ibbhOljv0XT68nuXYum+zDYcujXbk2i+26TBpuDF1q+pIUtpelxQ==", "tag"=>{"slug"=>"GitHub", "is_public"=>"1"}, "commit"=>"Create Tag"}
  Rendering tags/new.html.erb within layouts/application
  Rendered tags/_form.html.erb (Duration: 3.7ms | Allocations: 893)
  Rendered tags/new.html.erb within layouts/application (Duration: 5.3ms | Allocations: 987)
[Webpacker] Everything's up-to-date. Nothing to do
Completed 200 OK in 110ms (Views: 89.6ms | ActiveRecord: 7.0ms | Allocations: 10738)


Started GET "/tags" for ::1 at 2020-12-16 14:26:33 -0800
Processing by TagsController#index as HTML
  Rendering tags/index.html.erb within layouts/application
  [1m[36mTag Load (0.4ms)[0m  [1m[34mSELECT "tags".* FROM "tags"[0m
  ↳ app/views/tags/index.html.erb:15
  Rendered tags/index.html.erb within layouts/application (Duration: 23.2ms | Allocations: 703)
[Webpacker] Everything's up-to-date. Nothing to do
Completed 200 OK in 92ms (Views: 90.2ms | ActiveRecord: 0.4ms | Allocations: 5696)


Started GET "/tags/new" for ::1 at 2020-12-16 14:26:35 -0800
Processing by TagsController#new as HTML
  Rendering tags/new.html.erb within layouts/application
  Rendered tags/_form.html.erb (Duration: 7.6ms | Allocations: 744)
  Rendered tags/new.html.erb within layouts/application (Duration: 47.8ms | Allocations: 838)
[Webpacker] Everything's up-to-date. Nothing to do
Completed 200 OK in 167ms (Views: 165.4ms | ActiveRecord: 0.0ms | Allocations: 5810)


Started POST "/tags" for ::1 at 2020-12-16 14:26:38 -0800
Processing by TagsController#create as HTML
  Parameters: {"authenticity_token"=>"LA52f0oJWpQaOPhpIp0GaN9sMZZ+yQn759pkPNos3Bke2cjOfajmwRFwwGNefN5J/s+jrn9k9D6JfBr1VmrIgA==", "tag"=>{"slug"=>"test", "is_public"=>"1"}, "commit"=>"Create Tag"}
  Rendering tags/new.html.erb within layouts/application
  Rendered tags/_form.html.erb (Duration: 3.5ms | Allocations: 881)
  Rendered tags/new.html.erb within layouts/application (Duration: 4.5ms | Allocations: 975)
[Webpacker] Everything's up-to-date. Nothing to do
Completed 200 OK in 105ms (Views: 100.3ms | ActiveRecord: 0.0ms | Allocations: 6856)


Started GET "/tags" for ::1 at 2020-12-16 14:29:02 -0800
  [1m[35m (1.8ms)[0m  [1m[34mSELECT "schema_migrations"."version" FROM "schema_migrations" ORDER BY "schema_migrations"."version" ASC[0m
Processing by TagsController#index as HTML
  Rendering tags/index.html.erb within layouts/application
  [1m[36mTag Load (1.6ms)[0m  [1m[34mSELECT "tags".* FROM "tags"[0m
  ↳ app/views/tags/index.html.erb:15
  Rendered tags/index.html.erb within layouts/application (Duration: 47.6ms | Allocations: 1597)
[Webpacker] Everything's up-to-date. Nothing to do
Completed 200 OK in 143ms (Views: 126.6ms | ActiveRecord: 3.7ms | Allocations: 13188)


Started GET "/tags/new" for ::1 at 2020-12-16 14:29:04 -0800
Processing by TagsController#new as HTML
  Rendering tags/new.html.erb within layouts/application
  Rendered tags/_form.html.erb (Duration: 13.4ms | Allocations: 3489)
  Rendered tags/new.html.erb within layouts/application (Duration: 54.4ms | Allocations: 3844)
[Webpacker] Everything's up-to-date. Nothing to do
Completed 200 OK in 154ms (Views: 132.1ms | ActiveRecord: 7.4ms | Allocations: 12157)


Started POST "/tags" for ::1 at 2020-12-16 14:29:07 -0800
Processing by TagsController#create as HTML
  Parameters: {"authenticity_token"=>"yGqwOEn1MzhtsuQxBIXgfzxR5PsqNbEjR/wBaWzMFQT6vQ6JflSPbWb63Dt4ZDheHfJ2wyuYTOYpWn+g4IoBnQ==", "tag"=>{"slug"=>"test", "is_public"=>"0"}, "commit"=>"Create Tag"}
  Rendering tags/new.html.erb within layouts/application
  Rendered tags/_form.html.erb (Duration: 2.4ms | Allocations: 895)
  Rendered tags/new.html.erb within layouts/application (Duration: 3.6ms | Allocations: 989)
[Webpacker] Everything's up-to-date. Nothing to do
Completed 200 OK in 99ms (Views: 92.1ms | ActiveRecord: 0.0ms | Allocations: 7862)


Started GET "/tags" for ::1 at 2020-12-16 14:30:12 -0800
Processing by TagsController#index as HTML
  Rendering tags/index.html.erb within layouts/application
  [1m[36mTag Load (0.7ms)[0m  [1m[34mSELECT "tags".* FROM "tags"[0m
  ↳ app/views/tags/index.html.erb:15
  Rendered tags/index.html.erb within layouts/application (Duration: 7.7ms | Allocations: 1044)
[Webpacker] Everything's up-to-date. Nothing to do
Completed 200 OK in 91ms (Views: 61.8ms | ActiveRecord: 2.8ms | Allocations: 6567)


Started GET "/tags/new" for ::1 at 2020-12-16 14:30:13 -0800
Processing by TagsController#new as HTML
  Rendering tags/new.html.erb within layouts/application
  Rendered tags/_form.html.erb (Duration: 3.5ms | Allocations: 800)
  Rendered tags/new.html.erb within layouts/application (Duration: 4.8ms | Allocations: 894)
[Webpacker] Everything's up-to-date. Nothing to do
Completed 200 OK in 181ms (Views: 157.5ms | ActiveRecord: 8.4ms | Allocations: 8857)


Started POST "/tags" for ::1 at 2020-12-16 14:30:16 -0800
Processing by TagsController#create as HTML
  Parameters: {"authenticity_token"=>"hqP+LwXIoc+y/NBpLmcWom1Co1Sm0Cl7/6LwOwXP/ta0dECeMmkdmrm06GNShs6DTOExbKd91L6RBI7yiYnqTw==", "tag"=>{"slug"=>"test", "is_public"=>"0"}, "commit"=>"Create Tag"}
  [1m[35m (0.3ms)[0m  [1m[35mBEGIN[0m
  ↳ app/controllers/tags_controller.rb:30:in `block in create'
  [1m[36mTag Create (1.4ms)[0m  [1m[32mINSERT INTO "tags" ("slug", "is_public", "created_at", "updated_at") VALUES ($1, $2, $3, $4) RETURNING "id"[0m  [["slug", "test"], ["is_public", false], ["created_at", "2020-12-16 22:30:16.401080"], ["updated_at", "2020-12-16 22:30:16.401080"]]
  ↳ app/controllers/tags_controller.rb:30:in `block in create'
  [1m[35m (2.1ms)[0m  [1m[35mCOMMIT[0m
  ↳ app/controllers/tags_controller.rb:30:in `block in create'
Redirected to http://localhost:3000/tags/1
Completed 302 Found in 119ms (ActiveRecord: 3.8ms | Allocations: 3042)


Started GET "/tags/1" for ::1 at 2020-12-16 14:30:16 -0800
Processing by TagsController#show as HTML
  Parameters: {"id"=>"1"}
  [1m[36mTag Load (1.0ms)[0m  [1m[34mSELECT "tags".* FROM "tags" WHERE "tags"."id" = $1 LIMIT $2[0m  [["id", 1], ["LIMIT", 1]]
  ↳ app/controllers/tags_controller.rb:67:in `set_tag'
  Rendering tags/show.html.erb within layouts/application
  Rendered tags/show.html.erb within layouts/application (Duration: 4.1ms | Allocations: 263)
[Webpacker] Everything's up-to-date. Nothing to do
Completed 200 OK in 190ms (Views: 94.5ms | ActiveRecord: 1.5ms | Allocations: 6437)


Started GET "/tags" for ::1 at 2020-12-16 14:30:21 -0800
Processing by TagsController#index as HTML
  Rendering tags/index.html.erb within layouts/application
  [1m[36mTag Load (0.8ms)[0m  [1m[34mSELECT "tags".* FROM "tags"[0m
  ↳ app/views/tags/index.html.erb:15
  Rendered tags/index.html.erb within layouts/application (Duration: 24.2ms | Allocations: 844)
[Webpacker] Everything's up-to-date. Nothing to do
Completed 200 OK in 70ms (Views: 68.2ms | ActiveRecord: 0.8ms | Allocations: 5814)


Started GET "/snippets" for ::1 at 2020-12-16 14:30:37 -0800
Processing by SnippetsController#index as HTML
  Rendering snippets/index.html.erb within layouts/application
  [1m[36mSnippet Load (2.1ms)[0m  [1m[34mSELECT "snippets".* FROM "snippets"[0m
  ↳ app/views/snippets/index.html.erb:18
  Rendered snippets/index.html.erb within layouts/application (Duration: 8.7ms | Allocations: 1619)
[Webpacker] Everything's up-to-date. Nothing to do
Completed 200 OK in 96ms (Views: 72.9ms | ActiveRecord: 3.8ms | Allocations: 8109)


Started GET "/snippets/new" for ::1 at 2020-12-16 14:30:39 -0800
Processing by SnippetsController#new as HTML
  Rendering snippets/new.html.erb within layouts/application
  Rendered snippets/_form.html.erb (Duration: 7.5ms | Allocations: 3398)
  Rendered snippets/new.html.erb within layouts/application (Duration: 11.5ms | Allocations: 3745)
[Webpacker] Everything's up-to-date. Nothing to do
Completed 200 OK in 130ms (Views: 82.4ms | ActiveRecord: 3.2ms | Allocations: 14939)


Started GET "/snippets/new" for ::1 at 2020-12-16 14:31:46 -0800
Processing by SnippetsController#new as HTML
  Rendering snippets/new.html.erb within layouts/application
  Rendered snippets/_form.html.erb (Duration: 92.2ms | Allocations: 5399)
  Rendered snippets/new.html.erb within layouts/application (Duration: 99.0ms | Allocations: 5723)
Completed 500 Internal Server Error in 147ms (ActiveRecord: 0.0ms | Allocations: 7044)


  
ActionView::Template::Error (undefined method `slug' for :tags:Symbol):
    32:   </div>
    33: 
    34:   <div class="field">
    35:     <%= form.label :tags.slug %>
    36:     <%= form.text_area :tags %>
    37:   </div>
    38: 
  
app/views/snippets/_form.html.erb:35
app/views/snippets/_form.html.erb:1
app/views/snippets/new.html.erb:3
Started GET "/snippets/new" for ::1 at 2020-12-16 14:32:54 -0800
Processing by SnippetsController#new as HTML
  Rendering snippets/new.html.erb within layouts/application
  Rendered snippets/_form.html.erb (Duration: 4.4ms | Allocations: 2364)
  Rendered snippets/new.html.erb within layouts/application (Duration: 21.8ms | Allocations: 2689)
Completed 500 Internal Server Error in 60ms (ActiveRecord: 0.0ms | Allocations: 4005)


  
ActionView::Template::Error (undefined method `slug' for :tags:Symbol):
    32:   </div>
    33: 
    34:   <div class="field">
    35:     <%= form.label :tags.slug %>
    36:     <%= form.text_area :tags.slug %>
    37:   </div>
    38: 
  
app/views/snippets/_form.html.erb:35
app/views/snippets/_form.html.erb:1
app/views/snippets/new.html.erb:3
Started GET "/snippets/new" for ::1 at 2020-12-16 14:34:37 -0800
Processing by SnippetsController#new as HTML
  Rendering snippets/new.html.erb within layouts/application
  Rendered snippets/_form.html.erb (Duration: 5.0ms | Allocations: 1833)
  Rendered snippets/new.html.erb within layouts/application (Duration: 23.4ms | Allocations: 2178)
[Webpacker] Everything's up-to-date. Nothing to do
Completed 200 OK in 81ms (Views: 78.2ms | ActiveRecord: 0.0ms | Allocations: 8196)


Started GET "/snippets" for ::1 at 2020-12-16 14:35:16 -0800
Processing by SnippetsController#index as HTML
  Rendering snippets/index.html.erb within layouts/application
  [1m[36mSnippet Load (0.6ms)[0m  [1m[34mSELECT "snippets".* FROM "snippets"[0m
  ↳ app/views/snippets/index.html.erb:18
  Rendered snippets/index.html.erb within layouts/application (Duration: 10.5ms | Allocations: 990)
[Webpacker] Everything's up-to-date. Nothing to do
Completed 200 OK in 130ms (Views: 125.3ms | ActiveRecord: 0.6ms | Allocations: 6989)


Started GET "/snippets_list" for ::1 at 2020-12-16 14:35:50 -0800
  
ActionController::RoutingError (No route matches [GET] "/snippets_list"):
  
actionpack (6.0.3.4) lib/action_dispatch/middleware/debug_exceptions.rb:36:in `call'
web-console (4.1.0) lib/web_console/middleware.rb:132:in `call_app'
web-console (4.1.0) lib/web_console/middleware.rb:28:in `block in call'
web-console (4.1.0) lib/web_console/middleware.rb:17:in `catch'
web-console (4.1.0) lib/web_console/middleware.rb:17:in `call'
actionpack (6.0.3.4) lib/action_dispatch/middleware/show_exceptions.rb:33:in `call'
railties (6.0.3.4) lib/rails/rack/logger.rb:37:in `call_app'
railties (6.0.3.4) lib/rails/rack/logger.rb:26:in `block in call'
activesupport (6.0.3.4) lib/active_support/tagged_logging.rb:80:in `block in tagged'
activesupport (6.0.3.4) lib/active_support/tagged_logging.rb:28:in `tagged'
activesupport (6.0.3.4) lib/active_support/tagged_logging.rb:80:in `tagged'
railties (6.0.3.4) lib/rails/rack/logger.rb:26:in `call'
sprockets-rails (3.2.2) lib/sprockets/rails/quiet_assets.rb:13:in `call'
actionpack (6.0.3.4) lib/action_dispatch/middleware/remote_ip.rb:81:in `call'
actionpack (6.0.3.4) lib/action_dispatch/middleware/request_id.rb:27:in `call'
rack (2.2.3) lib/rack/method_override.rb:24:in `call'
rack (2.2.3) lib/rack/runtime.rb:22:in `call'
activesupport (6.0.3.4) lib/active_support/cache/strategy/local_cache_middleware.rb:29:in `call'
actionpack (6.0.3.4) lib/action_dispatch/middleware/executor.rb:14:in `call'
actionpack (6.0.3.4) lib/action_dispatch/middleware/static.rb:126:in `call'
rack (2.2.3) lib/rack/sendfile.rb:110:in `call'
actionpack (6.0.3.4) lib/action_dispatch/middleware/host_authorization.rb:82:in `call'
webpacker (4.3.0) lib/webpacker/dev_server_proxy.rb:23:in `perform_request'
rack-proxy (0.6.5) lib/rack/proxy.rb:57:in `call'
railties (6.0.3.4) lib/rails/engine.rb:527:in `call'
puma (4.3.7) lib/puma/configuration.rb:228:in `call'
puma (4.3.7) lib/puma/server.rb:713:in `handle_request'
puma (4.3.7) lib/puma/server.rb:472:in `process_client'
puma (4.3.7) lib/puma/server.rb:328:in `block in run'
puma (4.3.7) lib/puma/thread_pool.rb:134:in `block in spawn_thread'
Started GET "/snippets_lists" for ::1 at 2020-12-16 14:35:53 -0800
Processing by SnippetsListsController#index as HTML
  Rendering snippets_lists/index.html.erb within layouts/application
  [1m[36mSnippetsList Load (2.5ms)[0m  [1m[34mSELECT "snippets_lists".* FROM "snippets_lists"[0m
  ↳ app/views/snippets_lists/index.html.erb:15
  Rendered snippets_lists/index.html.erb within layouts/application (Duration: 11.3ms | Allocations: 1398)
[Webpacker] Everything's up-to-date. Nothing to do
Completed 200 OK in 114ms (Views: 91.2ms | ActiveRecord: 4.5ms | Allocations: 8244)


Started GET "/snippets_lists/new" for ::1 at 2020-12-16 14:35:59 -0800
Processing by SnippetsListsController#new as HTML
  Rendering snippets_lists/new.html.erb within layouts/application
  Rendered snippets_lists/_form.html.erb (Duration: 6.2ms | Allocations: 1974)
  Rendered snippets_lists/new.html.erb within layouts/application (Duration: 36.2ms | Allocations: 2323)
[Webpacker] Everything's up-to-date. Nothing to do
Completed 200 OK in 144ms (Views: 123.5ms | ActiveRecord: 3.7ms | Allocations: 11469)


Started GET "/snippets_lists" for ::1 at 2020-12-16 14:36:17 -0800
Processing by SnippetsListsController#index as HTML
  Rendering snippets_lists/index.html.erb within layouts/application
  [1m[36mSnippetsList Load (0.4ms)[0m  [1m[34mSELECT "snippets_lists".* FROM "snippets_lists"[0m
  ↳ app/views/snippets_lists/index.html.erb:15
  Rendered snippets_lists/index.html.erb within layouts/application (Duration: 26.2ms | Allocations: 696)
[Webpacker] Everything's up-to-date. Nothing to do
Completed 200 OK in 90ms (Views: 88.8ms | ActiveRecord: 0.4ms | Allocations: 5669)


Started GET "/snippets_lists/new" for ::1 at 2020-12-16 14:41:29 -0800
Processing by SnippetsListsController#new as HTML
  Rendering snippets_lists/new.html.erb within layouts/application
  Rendered snippets_lists/_form.html.erb (Duration: 2.2ms | Allocations: 791)
  Rendered snippets_lists/new.html.erb within layouts/application (Duration: 3.4ms | Allocations: 884)
[Webpacker] Everything's up-to-date. Nothing to do
Completed 200 OK in 118ms (Views: 116.5ms | ActiveRecord: 0.0ms | Allocations: 5843)


  [1m[35m (0.4ms)[0m  [1m[34mSELECT pg_try_advisory_lock(6302314972764189855)[0m
  [1m[35m (2.2ms)[0m  [1m[34mSELECT "schema_migrations"."version" FROM "schema_migrations" ORDER BY "schema_migrations"."version" ASC[0m
Migrating to AddUserIdToSnippets (20201216225916)
  [1m[35m (0.3ms)[0m  [1m[35mBEGIN[0m
  [1m[35m (19.0ms)[0m  [1m[35mALTER TABLE "users" ADD CONSTRAINT "fk_rails_172bf4d07f"
FOREIGN KEY ("snippet_id")
  REFERENCES "snippets" ("id")
[0m
  [1m[35m (0.2ms)[0m  [1m[31mROLLBACK[0m
  [1m[35m (0.3ms)[0m  [1m[34mSELECT pg_advisory_unlock(6302314972764189855)[0m
  [1m[35m (0.2ms)[0m  [1m[34mSELECT pg_try_advisory_lock(6302314972764189855)[0m
  [1m[35m (2.1ms)[0m  [1m[34mSELECT "schema_migrations"."version" FROM "schema_migrations" ORDER BY "schema_migrations"."version" ASC[0m
Migrating to AddUserIdToSnippets (20201216225916)
  [1m[35m (0.3ms)[0m  [1m[35mBEGIN[0m
  [1m[35m (16.7ms)[0m  [1m[35mALTER TABLE "snippets" ADD CONSTRAINT "fk_rails_77e256d035"
FOREIGN KEY ("user_id")
  REFERENCES "users" ("id")
[0m
  [1m[35m (0.9ms)[0m  [1m[31mROLLBACK[0m
  [1m[35m (0.4ms)[0m  [1m[34mSELECT pg_advisory_unlock(6302314972764189855)[0m
  [1m[35m (0.2ms)[0m  [1m[34mSELECT pg_try_advisory_lock(6302314972764189855)[0m
  [1m[35m (2.1ms)[0m  [1m[34mSELECT "schema_migrations"."version" FROM "schema_migrations" ORDER BY "schema_migrations"."version" ASC[0m
Migrating to AddUserIdToSnippets (20201216225916)
  [1m[35m (0.4ms)[0m  [1m[35mBEGIN[0m
  [1m[35m (16.5ms)[0m  [1m[35mALTER TABLE "users" ADD CONSTRAINT "fk_rails_172bf4d07f"
FOREIGN KEY ("snippet_id")
  REFERENCES "snippets" ("id")
[0m
  [1m[35m (0.2ms)[0m  [1m[31mROLLBACK[0m
  [1m[35m (0.4ms)[0m  [1m[34mSELECT pg_advisory_unlock(6302314972764189855)[0m
  [1m[35m (2.3ms)[0m  [1m[34mSELECT "schema_migrations"."version" FROM "schema_migrations" ORDER BY "schema_migrations"."version" ASC[0m
  [1m[35m (1.5ms)[0m  [1m[34mSELECT "ar_internal_metadata"."value" FROM "ar_internal_metadata" WHERE "ar_internal_metadata"."key" = $1[0m  [["key", "environment"]]
  [1m[35m (0.2ms)[0m  [1m[34mSELECT "schema_migrations"."version" FROM "schema_migrations" ORDER BY "schema_migrations"."version" ASC[0m
  [1m[35m (0.3ms)[0m  [1m[34mSELECT "ar_internal_metadata"."value" FROM "ar_internal_metadata" WHERE "ar_internal_metadata"."key" = $1[0m  [["key", "environment"]]
  [1m[35m (0.3ms)[0m  [1m[34mSELECT "schema_migrations"."version" FROM "schema_migrations" ORDER BY "schema_migrations"."version" ASC[0m
  [1m[35m (0.2ms)[0m  [1m[34mSELECT "ar_internal_metadata"."value" FROM "ar_internal_metadata" WHERE "ar_internal_metadata"."key" = $1[0m  [["key", "environment"]]
  [1m[35m (145.2ms)[0m  [1m[35mDROP DATABASE IF EXISTS "rails_app_test"[0m
  [1m[35m (1226.8ms)[0m  [1m[35mCREATE DATABASE "rails_app_test" ENCODING = 'unicode'[0m
  [1m[35mSQL (2.4ms)[0m  [1m[35mCREATE EXTENSION IF NOT EXISTS "plpgsql"[0m
  [1m[35m (0.9ms)[0m  [1m[35mDROP TABLE IF EXISTS "snippets" CASCADE[0m
  [1m[35m (38.0ms)[0m  [1m[35mCREATE TABLE "snippets" ("id" bigserial primary key, "trigger" text, "replacement" text, "type" text, "is_public" boolean, "tags" text, "taggable_type" character varying, "taggable_id" bigint, "created_at" timestamp(6) NOT NULL, "updated_at" timestamp(6) NOT NULL)[0m
  [1m[35m (5.6ms)[0m  [1m[35mCREATE  INDEX  "index_snippets_on_taggable_type_and_taggable_id" ON "snippets"  ("taggable_type", "taggable_id")[0m
  [1m[35m (0.3ms)[0m  [1m[35mDROP TABLE IF EXISTS "snippets_lists" CASCADE[0m
  [1m[35m (12.8ms)[0m  [1m[35mCREATE TABLE "snippets_lists" ("id" bigserial primary key, "is_public" boolean, "tags" text, "taggable_type" character varying, "taggable_id" bigint, "created_at" timestamp(6) NOT NULL, "updated_at" timestamp(6) NOT NULL)[0m
  [1m[35m (5.0ms)[0m  [1m[35mCREATE  INDEX  "index_snippets_lists_on_taggable_type_and_taggable_id" ON "snippets_lists"  ("taggable_type", "taggable_id")[0m
  [1m[35m (0.2ms)[0m  [1m[35mDROP TABLE IF EXISTS "tags" CASCADE[0m
  [1m[35m (10.9ms)[0m  [1m[35mCREATE TABLE "tags" ("id" bigserial primary key, "slug" text, "is_public" boolean, "created_at" timestamp(6) NOT NULL, "updated_at" timestamp(6) NOT NULL)[0m
  [1m[35m (0.9ms)[0m  [1m[35mDROP TABLE IF EXISTS "users" CASCADE[0m
  [1m[35m (12.9ms)[0m  [1m[35mCREATE TABLE "users" ("id" bigserial primary key, "email" character varying DEFAULT '' NOT NULL, "encrypted_password" character varying DEFAULT '' NOT NULL, "reset_password_token" character varying, "reset_password_sent_at" timestamp, "remember_created_at" timestamp, "created_at" timestamp(6) NOT NULL, "updated_at" timestamp(6) NOT NULL)[0m
  [1m[35m (4.5ms)[0m  [1m[35mCREATE UNIQUE INDEX  "index_users_on_email" ON "users"  ("email")[0m
  [1m[35m (4.5ms)[0m  [1m[35mCREATE UNIQUE INDEX  "index_users_on_reset_password_token" ON "users"  ("reset_password_token")[0m
  [1m[35m (10.3ms)[0m  [1m[35mCREATE TABLE "schema_migrations" ("version" character varying NOT NULL PRIMARY KEY)[0m
  [1m[35m (1.2ms)[0m  [1m[34mSELECT "schema_migrations"."version" FROM "schema_migrations" ORDER BY "schema_migrations"."version" ASC[0m
  [1m[35m (1.1ms)[0m  [1m[32mINSERT INTO "schema_migrations" (version) VALUES (20201216221940)[0m
  [1m[35m (0.5ms)[0m  [1m[32mINSERT INTO "schema_migrations" (version) VALUES
(20201216211931),
(20201216212105),
(20201216212348),
(20201216213457);

[0m
  [1m[35m (12.1ms)[0m  [1m[35mCREATE TABLE "ar_internal_metadata" ("key" character varying NOT NULL PRIMARY KEY, "value" character varying, "created_at" timestamp(6) NOT NULL, "updated_at" timestamp(6) NOT NULL)[0m
  [1m[36mActiveRecord::InternalMetadata Load (1.6ms)[0m  [1m[34mSELECT "ar_internal_metadata".* FROM "ar_internal_metadata" WHERE "ar_internal_metadata"."key" = $1 LIMIT $2[0m  [["key", "environment"], ["LIMIT", 1]]
  [1m[35m (0.3ms)[0m  [1m[35mBEGIN[0m
  [1m[36mActiveRecord::InternalMetadata Create (1.1ms)[0m  [1m[32mINSERT INTO "ar_internal_metadata" ("key", "value", "created_at", "updated_at") VALUES ($1, $2, $3, $4) RETURNING "key"[0m  [["key", "environment"], ["value", "development"], ["created_at", "2020-12-16 23:03:04.756847"], ["updated_at", "2020-12-16 23:03:04.756847"]]
  [1m[35m (0.5ms)[0m  [1m[35mCOMMIT[0m
  [1m[36mActiveRecord::InternalMetadata Load (0.4ms)[0m  [1m[34mSELECT "ar_internal_metadata".* FROM "ar_internal_metadata" WHERE "ar_internal_metadata"."key" = $1 LIMIT $2[0m  [["key", "environment"], ["LIMIT", 1]]
  [1m[35m (0.2ms)[0m  [1m[35mBEGIN[0m
  [1m[36mActiveRecord::InternalMetadata Update (1.6ms)[0m  [1m[33mUPDATE "ar_internal_metadata" SET "value" = $1, "updated_at" = $2 WHERE "ar_internal_metadata"."key" = $3[0m  [["value", "test"], ["updated_at", "2020-12-16 23:03:04.767495"], ["key", "environment"]]
  [1m[35m (0.5ms)[0m  [1m[35mCOMMIT[0m
  [1m[36mActiveRecord::InternalMetadata Load (0.3ms)[0m  [1m[34mSELECT "ar_internal_metadata".* FROM "ar_internal_metadata" WHERE "ar_internal_metadata"."key" = $1 LIMIT $2[0m  [["key", "schema_sha1"], ["LIMIT", 1]]
  [1m[35m (0.2ms)[0m  [1m[35mBEGIN[0m
  [1m[36mActiveRecord::InternalMetadata Create (0.3ms)[0m  [1m[32mINSERT INTO "ar_internal_metadata" ("key", "value", "created_at", "updated_at") VALUES ($1, $2, $3, $4) RETURNING "key"[0m  [["key", "schema_sha1"], ["value", "a6518ce51b640c662c8dd99e61b032d3539fd1a9"], ["created_at", "2020-12-16 23:03:04.777353"], ["updated_at", "2020-12-16 23:03:04.777353"]]
  [1m[35m (0.4ms)[0m  [1m[35mCOMMIT[0m
  [1m[35m (2.7ms)[0m  [1m[34mSELECT "schema_migrations"."version" FROM "schema_migrations" ORDER BY "schema_migrations"."version" ASC[0m
  [1m[35m (2.9ms)[0m  [1m[34mSELECT "ar_internal_metadata"."value" FROM "ar_internal_metadata" WHERE "ar_internal_metadata"."key" = $1[0m  [["key", "environment"]]
  [1m[35m (1.7ms)[0m  [1m[34mSELECT "schema_migrations"."version" FROM "schema_migrations" ORDER BY "schema_migrations"."version" ASC[0m
  [1m[35m (0.4ms)[0m  [1m[34mSELECT "ar_internal_metadata"."value" FROM "ar_internal_metadata" WHERE "ar_internal_metadata"."key" = $1[0m  [["key", "environment"]]
  [1m[35m (0.8ms)[0m  [1m[34mSELECT "schema_migrations"."version" FROM "schema_migrations" ORDER BY "schema_migrations"."version" ASC[0m
  [1m[35m (0.6ms)[0m  [1m[34mSELECT "ar_internal_metadata"."value" FROM "ar_internal_metadata" WHERE "ar_internal_metadata"."key" = $1[0m  [["key", "environment"]]
  [1m[35m (246.2ms)[0m  [1m[35mDROP DATABASE IF EXISTS "rails_app_test"[0m
  [1m[35m (1534.1ms)[0m  [1m[35mCREATE DATABASE "rails_app_test" ENCODING = 'unicode'[0m
  [1m[35mSQL (2.5ms)[0m  [1m[35mCREATE EXTENSION IF NOT EXISTS "plpgsql"[0m
  [1m[35m (0.4ms)[0m  [1m[35mDROP TABLE IF EXISTS "snippets" CASCADE[0m
  [1m[35m (54.6ms)[0m  [1m[35mCREATE TABLE "snippets" ("id" bigserial primary key, "trigger" text, "replacement" text, "type" text, "is_public" boolean, "tags" text, "taggable_type" character varying, "taggable_id" bigint, "created_at" timestamp(6) NOT NULL, "updated_at" timestamp(6) NOT NULL)[0m
  [1m[35m (7.6ms)[0m  [1m[35mCREATE  INDEX  "index_snippets_on_taggable_type_and_taggable_id" ON "snippets"  ("taggable_type", "taggable_id")[0m
  [1m[35m (0.9ms)[0m  [1m[35mDROP TABLE IF EXISTS "snippets_lists" CASCADE[0m
  [1m[35m (15.7ms)[0m  [1m[35mCREATE TABLE "snippets_lists" ("id" bigserial primary key, "is_public" boolean, "tags" text, "taggable_type" character varying, "taggable_id" bigint, "created_at" timestamp(6) NOT NULL, "updated_at" timestamp(6) NOT NULL)[0m
  [1m[35m (4.9ms)[0m  [1m[35mCREATE  INDEX  "index_snippets_lists_on_taggable_type_and_taggable_id" ON "snippets_lists"  ("taggable_type", "taggable_id")[0m
  [1m[35m (0.2ms)[0m  [1m[35mDROP TABLE IF EXISTS "tags" CASCADE[0m
  [1m[35m (15.1ms)[0m  [1m[35mCREATE TABLE "tags" ("id" bigserial primary key, "slug" text, "is_public" boolean, "created_at" timestamp(6) NOT NULL, "updated_at" timestamp(6) NOT NULL)[0m
  [1m[35m (1.5ms)[0m  [1m[35mDROP TABLE IF EXISTS "users" CASCADE[0m
  [1m[35m (15.5ms)[0m  [1m[35mCREATE TABLE "users" ("id" bigserial primary key, "email" character varying DEFAULT '' NOT NULL, "encrypted_password" character varying DEFAULT '' NOT NULL, "reset_password_token" character varying, "reset_password_sent_at" timestamp, "remember_created_at" timestamp, "created_at" timestamp(6) NOT NULL, "updated_at" timestamp(6) NOT NULL)[0m
  [1m[35m (6.1ms)[0m  [1m[35mCREATE UNIQUE INDEX  "index_users_on_email" ON "users"  ("email")[0m
  [1m[35m (5.8ms)[0m  [1m[35mCREATE UNIQUE INDEX  "index_users_on_reset_password_token" ON "users"  ("reset_password_token")[0m
  [1m[35m (12.5ms)[0m  [1m[35mCREATE TABLE "schema_migrations" ("version" character varying NOT NULL PRIMARY KEY)[0m
  [1m[35m (2.4ms)[0m  [1m[34mSELECT "schema_migrations"."version" FROM "schema_migrations" ORDER BY "schema_migrations"."version" ASC[0m
  [1m[35m (1.3ms)[0m  [1m[32mINSERT INTO "schema_migrations" (version) VALUES (20201216221940)[0m
  [1m[35m (0.6ms)[0m  [1m[32mINSERT INTO "schema_migrations" (version) VALUES
(20201216211931),
(20201216212105),
(20201216212348),
(20201216213457);

[0m
  [1m[35m (13.1ms)[0m  [1m[35mCREATE TABLE "ar_internal_metadata" ("key" character varying NOT NULL PRIMARY KEY, "value" character varying, "created_at" timestamp(6) NOT NULL, "updated_at" timestamp(6) NOT NULL)[0m
  [1m[36mActiveRecord::InternalMetadata Load (1.2ms)[0m  [1m[34mSELECT "ar_internal_metadata".* FROM "ar_internal_metadata" WHERE "ar_internal_metadata"."key" = $1 LIMIT $2[0m  [["key", "environment"], ["LIMIT", 1]]
  [1m[35m (0.3ms)[0m  [1m[35mBEGIN[0m
  [1m[36mActiveRecord::InternalMetadata Create (1.4ms)[0m  [1m[32mINSERT INTO "ar_internal_metadata" ("key", "value", "created_at", "updated_at") VALUES ($1, $2, $3, $4) RETURNING "key"[0m  [["key", "environment"], ["value", "development"], ["created_at", "2020-12-16 23:04:05.781745"], ["updated_at", "2020-12-16 23:04:05.781745"]]
  [1m[35m (0.6ms)[0m  [1m[35mCOMMIT[0m
  [1m[36mActiveRecord::InternalMetadata Load (0.4ms)[0m  [1m[34mSELECT "ar_internal_metadata".* FROM "ar_internal_metadata" WHERE "ar_internal_metadata"."key" = $1 LIMIT $2[0m  [["key", "environment"], ["LIMIT", 1]]
  [1m[35m (0.2ms)[0m  [1m[35mBEGIN[0m
  [1m[36mActiveRecord::InternalMetadata Update (0.4ms)[0m  [1m[33mUPDATE "ar_internal_metadata" SET "value" = $1, "updated_at" = $2 WHERE "ar_internal_metadata"."key" = $3[0m  [["value", "test"], ["updated_at", "2020-12-16 23:04:05.792024"], ["key", "environment"]]
  [1m[35m (0.8ms)[0m  [1m[35mCOMMIT[0m
  [1m[36mActiveRecord::InternalMetadata Load (0.4ms)[0m  [1m[34mSELECT "ar_internal_metadata".* FROM "ar_internal_metadata" WHERE "ar_internal_metadata"."key" = $1 LIMIT $2[0m  [["key", "schema_sha1"], ["LIMIT", 1]]
  [1m[35m (0.2ms)[0m  [1m[35mBEGIN[0m
  [1m[36mActiveRecord::InternalMetadata Create (0.5ms)[0m  [1m[32mINSERT INTO "ar_internal_metadata" ("key", "value", "created_at", "updated_at") VALUES ($1, $2, $3, $4) RETURNING "key"[0m  [["key", "schema_sha1"], ["value", "a6518ce51b640c662c8dd99e61b032d3539fd1a9"], ["created_at", "2020-12-16 23:04:05.802872"], ["updated_at", "2020-12-16 23:04:05.802872"]]
  [1m[35m (1.1ms)[0m  [1m[35mCOMMIT[0m
  [1m[35m (0.6ms)[0m  [1m[34mSELECT pg_try_advisory_lock(6302314972764189855)[0m
  [1m[35m (5.9ms)[0m  [1m[34mSELECT "schema_migrations"."version" FROM "schema_migrations" ORDER BY "schema_migrations"."version" ASC[0m
Migrating to AddUserIdToSnippets (20201216225916)
  [1m[35m (0.6ms)[0m  [1m[35mBEGIN[0m
  [1m[35m (19.0ms)[0m  [1m[35mALTER TABLE "user_id" ADD CONSTRAINT "fk_rails_bbff03ab37"
FOREIGN KEY ("snippet_id")
  REFERENCES "snippets" ("id")
[0m
  [1m[35m (0.6ms)[0m  [1m[31mROLLBACK[0m
  [1m[35m (0.6ms)[0m  [1m[34mSELECT pg_advisory_unlock(6302314972764189855)[0m
  [1m[35m (0.6ms)[0m  [1m[34mSELECT pg_try_advisory_lock(6302314972764189855)[0m
  [1m[35m (2.5ms)[0m  [1m[34mSELECT "schema_migrations"."version" FROM "schema_migrations" ORDER BY "schema_migrations"."version" ASC[0m
Migrating to AddUserIdToSnippets (20201216225916)
  [1m[35m (0.3ms)[0m  [1m[35mBEGIN[0m
  [1m[35m (15.9ms)[0m  [1m[35mALTER TABLE "user_id" ADD "snippets_id" bigint[0m
  [1m[35m (0.3ms)[0m  [1m[31mROLLBACK[0m
  [1m[35m (0.4ms)[0m  [1m[34mSELECT pg_advisory_unlock(6302314972764189855)[0m
  [1m[35m (3.9ms)[0m  [1m[34mSELECT "schema_migrations"."version" FROM "schema_migrations" ORDER BY "schema_migrations"."version" ASC[0m
  [1m[35m (2.6ms)[0m  [1m[34mSELECT "ar_internal_metadata"."value" FROM "ar_internal_metadata" WHERE "ar_internal_metadata"."key" = $1[0m  [["key", "environment"]]
  [1m[35m (0.3ms)[0m  [1m[34mSELECT "schema_migrations"."version" FROM "schema_migrations" ORDER BY "schema_migrations"."version" ASC[0m
  [1m[35m (0.3ms)[0m  [1m[34mSELECT "ar_internal_metadata"."value" FROM "ar_internal_metadata" WHERE "ar_internal_metadata"."key" = $1[0m  [["key", "environment"]]
  [1m[35m (0.3ms)[0m  [1m[34mSELECT "schema_migrations"."version" FROM "schema_migrations" ORDER BY "schema_migrations"."version" ASC[0m
  [1m[35m (0.3ms)[0m  [1m[34mSELECT "ar_internal_metadata"."value" FROM "ar_internal_metadata" WHERE "ar_internal_metadata"."key" = $1[0m  [["key", "environment"]]
  [1m[35m (357.4ms)[0m  [1m[35mDROP DATABASE IF EXISTS "rails_app_development"[0m
  [1m[35m (290.5ms)[0m  [1m[35mDROP DATABASE IF EXISTS "rails_app_test"[0m
  [1m[35m (1386.1ms)[0m  [1m[35mCREATE DATABASE "rails_app_development" ENCODING = 'unicode'[0m
  [1m[35m (1559.2ms)[0m  [1m[35mCREATE DATABASE "rails_app_test" ENCODING = 'unicode'[0m
  [1m[35m (37.4ms)[0m  [1m[35mCREATE TABLE "schema_migrations" ("version" character varying NOT NULL PRIMARY KEY)[0m
  [1m[35m (13.0ms)[0m  [1m[35mCREATE TABLE "ar_internal_metadata" ("key" character varying NOT NULL PRIMARY KEY, "value" character varying, "created_at" timestamp(6) NOT NULL, "updated_at" timestamp(6) NOT NULL)[0m
  [1m[35m (2.6ms)[0m  [1m[34mSELECT pg_try_advisory_lock(6302314972764189855)[0m
  [1m[35m (2.6ms)[0m  [1m[34mSELECT "schema_migrations"."version" FROM "schema_migrations" ORDER BY "schema_migrations"."version" ASC[0m
Migrating to CreateSnippets (20201216211931)
  [1m[35m (0.7ms)[0m  [1m[35mBEGIN[0m
  [1m[35m (36.8ms)[0m  [1m[35mCREATE TABLE "snippets" ("id" bigserial primary key, "trigger" text, "replacement" text, "type" text, "is_public" boolean, "tags" text, "taggable_type" character varying, "taggable_id" bigint, "created_at" timestamp(6) NOT NULL, "updated_at" timestamp(6) NOT NULL)[0m
  [1m[35m (10.2ms)[0m  [1m[35mCREATE  INDEX  "index_snippets_on_taggable_type_and_taggable_id" ON "snippets"  ("taggable_type", "taggable_id")[0m
  [1m[36mprimary::SchemaMigration Create (1.3ms)[0m  [1m[32mINSERT INTO "schema_migrations" ("version") VALUES ($1) RETURNING "version"[0m  [["version", "20201216211931"]]
  [1m[35m (0.5ms)[0m  [1m[35mCOMMIT[0m
Migrating to CreateSnippetsLists (20201216212105)
  [1m[35m (2.0ms)[0m  [1m[35mBEGIN[0m
  [1m[35m (17.1ms)[0m  [1m[35mCREATE TABLE "snippets_lists" ("id" bigserial primary key, "is_public" boolean, "tags" text, "taggable_type" character varying, "taggable_id" bigint, "created_at" timestamp(6) NOT NULL, "updated_at" timestamp(6) NOT NULL)[0m
  [1m[35m (4.5ms)[0m  [1m[35mCREATE  INDEX  "index_snippets_lists_on_taggable_type_and_taggable_id" ON "snippets_lists"  ("taggable_type", "taggable_id")[0m
  [1m[36mprimary::SchemaMigration Create (0.6ms)[0m  [1m[32mINSERT INTO "schema_migrations" ("version") VALUES ($1) RETURNING "version"[0m  [["version", "20201216212105"]]
  [1m[35m (1.0ms)[0m  [1m[35mCOMMIT[0m
Migrating to DeviseCreateUsers (20201216212348)
  [1m[35m (1.2ms)[0m  [1m[35mBEGIN[0m
  [1m[35m (13.9ms)[0m  [1m[35mCREATE TABLE "users" ("id" bigserial primary key, "email" character varying DEFAULT '' NOT NULL, "encrypted_password" character varying DEFAULT '' NOT NULL, "reset_password_token" character varying, "reset_password_sent_at" timestamp, "remember_created_at" timestamp, "created_at" timestamp(6) NOT NULL, "updated_at" timestamp(6) NOT NULL)[0m
  [1m[35m (8.3ms)[0m  [1m[35mCREATE UNIQUE INDEX  "index_users_on_email" ON "users"  ("email")[0m
  [1m[35m (7.3ms)[0m  [1m[35mCREATE UNIQUE INDEX  "index_users_on_reset_password_token" ON "users"  ("reset_password_token")[0m
  [1m[36mprimary::SchemaMigration Create (0.6ms)[0m  [1m[32mINSERT INTO "schema_migrations" ("version") VALUES ($1) RETURNING "version"[0m  [["version", "20201216212348"]]
  [1m[35m (0.7ms)[0m  [1m[35mCOMMIT[0m
Migrating to CreateTags (20201216213457)
  [1m[35m (1.4ms)[0m  [1m[35mBEGIN[0m
  [1m[35m (16.0ms)[0m  [1m[35mCREATE TABLE "tags" ("id" bigserial primary key, "slug" text, "is_public" boolean, "created_at" timestamp(6) NOT NULL, "updated_at" timestamp(6) NOT NULL)[0m
  [1m[36mprimary::SchemaMigration Create (0.5ms)[0m  [1m[32mINSERT INTO "schema_migrations" ("version") VALUES ($1) RETURNING "version"[0m  [["version", "20201216213457"]]
  [1m[35m (2.2ms)[0m  [1m[35mCOMMIT[0m
Migrating to Add (20201216221940)
  [1m[35m (1.4ms)[0m  [1m[35mBEGIN[0m
  [1m[36mprimary::SchemaMigration Create (0.8ms)[0m  [1m[32mINSERT INTO "schema_migrations" ("version") VALUES ($1) RETURNING "version"[0m  [["version", "20201216221940"]]
  [1m[35m (0.5ms)[0m  [1m[35mCOMMIT[0m
Migrating to AddIdToUser (20201216230941)
  [1m[35m (0.4ms)[0m  [1m[35mBEGIN[0m
  [1m[35m (28.4ms)[0m  [1m[35mALTER TABLE "users" ADD "id" bigserial primary key[0m
  [1m[35m (0.5ms)[0m  [1m[31mROLLBACK[0m
  [1m[35m (0.8ms)[0m  [1m[34mSELECT pg_advisory_unlock(6302314972764189855)[0m
  [1m[35m (2.1ms)[0m  [1m[34mSELECT "schema_migrations"."version" FROM "schema_migrations" ORDER BY "schema_migrations"."version" ASC[0m
  [1m[35m (1.1ms)[0m  [1m[34mSELECT "ar_internal_metadata"."value" FROM "ar_internal_metadata" WHERE "ar_internal_metadata"."key" = $1[0m  [["key", "environment"]]
  [1m[36mActiveRecord::InternalMetadata Load (1.3ms)[0m  [1m[34mSELECT "ar_internal_metadata".* FROM "ar_internal_metadata" WHERE "ar_internal_metadata"."key" = $1 LIMIT $2[0m  [["key", "environment"], ["LIMIT", 1]]
  [1m[35m (0.2ms)[0m  [1m[35mBEGIN[0m
  [1m[36mActiveRecord::InternalMetadata Create (1.7ms)[0m  [1m[32mINSERT INTO "ar_internal_metadata" ("key", "value", "created_at", "updated_at") VALUES ($1, $2, $3, $4) RETURNING "key"[0m  [["key", "environment"], ["value", "development"], ["created_at", "2020-12-16 23:20:34.756490"], ["updated_at", "2020-12-16 23:20:34.756490"]]
  [1m[35m (1.1ms)[0m  [1m[35mCOMMIT[0m
  [1m[35m (2.2ms)[0m  [1m[34mSELECT "schema_migrations"."version" FROM "schema_migrations" ORDER BY "schema_migrations"."version" ASC[0m
  [1m[35m (2.0ms)[0m  [1m[34mSELECT "ar_internal_metadata"."value" FROM "ar_internal_metadata" WHERE "ar_internal_metadata"."key" = $1[0m  [["key", "environment"]]
  [1m[35m (0.3ms)[0m  [1m[34mSELECT "schema_migrations"."version" FROM "schema_migrations" ORDER BY "schema_migrations"."version" ASC[0m
  [1m[35m (0.3ms)[0m  [1m[34mSELECT "ar_internal_metadata"."value" FROM "ar_internal_metadata" WHERE "ar_internal_metadata"."key" = $1[0m  [["key", "environment"]]
  [1m[35m (0.3ms)[0m  [1m[34mSELECT "schema_migrations"."version" FROM "schema_migrations" ORDER BY "schema_migrations"."version" ASC[0m
  [1m[35m (0.2ms)[0m  [1m[34mSELECT "ar_internal_metadata"."value" FROM "ar_internal_metadata" WHERE "ar_internal_metadata"."key" = $1[0m  [["key", "environment"]]
  [1m[35m (240.9ms)[0m  [1m[35mDROP DATABASE IF EXISTS "rails_app_development"[0m
  [1m[35m (181.0ms)[0m  [1m[35mDROP DATABASE IF EXISTS "rails_app_test"[0m
  [1m[35m (1871.9ms)[0m  [1m[35mCREATE DATABASE "rails_app_development" ENCODING = 'unicode'[0m
  [1m[35m (1381.9ms)[0m  [1m[35mCREATE DATABASE "rails_app_test" ENCODING = 'unicode'[0m
  [1m[35m (32.1ms)[0m  [1m[35mCREATE TABLE "schema_migrations" ("version" character varying NOT NULL PRIMARY KEY)[0m
  [1m[35m (12.2ms)[0m  [1m[35mCREATE TABLE "ar_internal_metadata" ("key" character varying NOT NULL PRIMARY KEY, "value" character varying, "created_at" timestamp(6) NOT NULL, "updated_at" timestamp(6) NOT NULL)[0m
  [1m[35m (1.4ms)[0m  [1m[34mSELECT pg_try_advisory_lock(6302314972764189855)[0m
  [1m[35m (1.5ms)[0m  [1m[34mSELECT "schema_migrations"."version" FROM "schema_migrations" ORDER BY "schema_migrations"."version" ASC[0m
Migrating to CreateSnippets (20201216211931)
  [1m[35m (0.6ms)[0m  [1m[35mBEGIN[0m
  [1m[35m (18.1ms)[0m  [1m[35mCREATE TABLE "snippets" ("id" bigserial primary key, "trigger" text, "replacement" text, "type" text, "is_public" boolean, "tags" text, "taggable_type" character varying, "taggable_id" bigint, "created_at" timestamp(6) NOT NULL, "updated_at" timestamp(6) NOT NULL)[0m
  [1m[35m (5.7ms)[0m  [1m[35mCREATE  INDEX  "index_snippets_on_taggable_type_and_taggable_id" ON "snippets"  ("taggable_type", "taggable_id")[0m
  [1m[36mprimary::SchemaMigration Create (1.3ms)[0m  [1m[32mINSERT INTO "schema_migrations" ("version") VALUES ($1) RETURNING "version"[0m  [["version", "20201216211931"]]
  [1m[35m (1.2ms)[0m  [1m[35mCOMMIT[0m
Migrating to CreateSnippetsLists (20201216212105)
  [1m[35m (1.6ms)[0m  [1m[35mBEGIN[0m
  [1m[35m (13.8ms)[0m  [1m[35mCREATE TABLE "snippets_lists" ("id" bigserial primary key, "is_public" boolean, "tags" text, "taggable_type" character varying, "taggable_id" bigint, "created_at" timestamp(6) NOT NULL, "updated_at" timestamp(6) NOT NULL)[0m
  [1m[35m (4.9ms)[0m  [1m[35mCREATE  INDEX  "index_snippets_lists_on_taggable_type_and_taggable_id" ON "snippets_lists"  ("taggable_type", "taggable_id")[0m
  [1m[36mprimary::SchemaMigration Create (0.6ms)[0m  [1m[32mINSERT INTO "schema_migrations" ("version") VALUES ($1) RETURNING "version"[0m  [["version", "20201216212105"]]
  [1m[35m (0.6ms)[0m  [1m[35mCOMMIT[0m
Migrating to DeviseCreateUsers (20201216212348)
  [1m[35m (1.4ms)[0m  [1m[35mBEGIN[0m
  [1m[35m (15.3ms)[0m  [1m[35mCREATE TABLE "users" ("id" bigserial primary key, "email" character varying DEFAULT '' NOT NULL, "encrypted_password" character varying DEFAULT '' NOT NULL, "reset_password_token" character varying, "reset_password_sent_at" timestamp, "remember_created_at" timestamp, "created_at" timestamp(6) NOT NULL, "updated_at" timestamp(6) NOT NULL)[0m
  [1m[35m (5.3ms)[0m  [1m[35mCREATE UNIQUE INDEX  "index_users_on_email" ON "users"  ("email")[0m
  [1m[35m (5.0ms)[0m  [1m[35mCREATE UNIQUE INDEX  "index_users_on_reset_password_token" ON "users"  ("reset_password_token")[0m
  [1m[36mprimary::SchemaMigration Create (0.8ms)[0m  [1m[32mINSERT INTO "schema_migrations" ("version") VALUES ($1) RETURNING "version"[0m  [["version", "20201216212348"]]
  [1m[35m (0.8ms)[0m  [1m[35mCOMMIT[0m
Migrating to CreateTags (20201216213457)
  [1m[35m (1.1ms)[0m  [1m[35mBEGIN[0m
  [1m[35m (13.2ms)[0m  [1m[35mCREATE TABLE "tags" ("id" bigserial primary key, "slug" text, "is_public" boolean, "created_at" timestamp(6) NOT NULL, "updated_at" timestamp(6) NOT NULL)[0m
  [1m[36mprimary::SchemaMigration Create (0.4ms)[0m  [1m[32mINSERT INTO "schema_migrations" ("version") VALUES ($1) RETURNING "version"[0m  [["version", "20201216213457"]]
  [1m[35m (0.6ms)[0m  [1m[35mCOMMIT[0m
  [1m[36mActiveRecord::InternalMetadata Load (1.2ms)[0m  [1m[34mSELECT "ar_internal_metadata".* FROM "ar_internal_metadata" WHERE "ar_internal_metadata"."key" = $1 LIMIT $2[0m  [["key", "environment"], ["LIMIT", 1]]
  [1m[35m (0.4ms)[0m  [1m[35mBEGIN[0m
  [1m[36mActiveRecord::InternalMetadata Create (1.0ms)[0m  [1m[32mINSERT INTO "ar_internal_metadata" ("key", "value", "created_at", "updated_at") VALUES ($1, $2, $3, $4) RETURNING "key"[0m  [["key", "environment"], ["value", "development"], ["created_at", "2020-12-16 23:21:02.861296"], ["updated_at", "2020-12-16 23:21:02.861296"]]
  [1m[35m (0.5ms)[0m  [1m[35mCOMMIT[0m
  [1m[35m (0.4ms)[0m  [1m[34mSELECT pg_advisory_unlock(6302314972764189855)[0m
  [1m[35m (1.9ms)[0m  [1m[34mSELECT "schema_migrations"."version" FROM "schema_migrations" ORDER BY "schema_migrations"."version" ASC[0m
  [1m[35m (2.3ms)[0m  [1m[34mSELECT "schema_migrations"."version" FROM "schema_migrations" ORDER BY "schema_migrations"."version" ASC[0m
  [1m[35m (1.8ms)[0m  [1m[34mSELECT "ar_internal_metadata"."value" FROM "ar_internal_metadata" WHERE "ar_internal_metadata"."key" = $1[0m  [["key", "environment"]]
  [1m[35m (0.3ms)[0m  [1m[34mSELECT "schema_migrations"."version" FROM "schema_migrations" ORDER BY "schema_migrations"."version" ASC[0m
  [1m[35m (0.2ms)[0m  [1m[34mSELECT "ar_internal_metadata"."value" FROM "ar_internal_metadata" WHERE "ar_internal_metadata"."key" = $1[0m  [["key", "environment"]]
  [1m[35m (0.3ms)[0m  [1m[34mSELECT "schema_migrations"."version" FROM "schema_migrations" ORDER BY "schema_migrations"."version" ASC[0m
  [1m[35m (0.3ms)[0m  [1m[34mSELECT "ar_internal_metadata"."value" FROM "ar_internal_metadata" WHERE "ar_internal_metadata"."key" = $1[0m  [["key", "environment"]]
  [1m[35m (141.3ms)[0m  [1m[35mDROP DATABASE IF EXISTS "rails_app_development"[0m
  [1m[35m (136.2ms)[0m  [1m[35mDROP DATABASE IF EXISTS "rails_app_test"[0m
  [1m[35m (1205.7ms)[0m  [1m[35mCREATE DATABASE "rails_app_development" ENCODING = 'unicode'[0m
  [1m[35m (1221.9ms)[0m  [1m[35mCREATE DATABASE "rails_app_test" ENCODING = 'unicode'[0m
  [1m[35m (31.3ms)[0m  [1m[35mCREATE TABLE "schema_migrations" ("version" character varying NOT NULL PRIMARY KEY)[0m
  [1m[35m (12.0ms)[0m  [1m[35mCREATE TABLE "ar_internal_metadata" ("key" character varying NOT NULL PRIMARY KEY, "value" character varying, "created_at" timestamp(6) NOT NULL, "updated_at" timestamp(6) NOT NULL)[0m
  [1m[35m (1.2ms)[0m  [1m[34mSELECT pg_try_advisory_lock(6302314972764189855)[0m
  [1m[35m (1.3ms)[0m  [1m[34mSELECT "schema_migrations"."version" FROM "schema_migrations" ORDER BY "schema_migrations"."version" ASC[0m
Migrating to CreateSnippets (20201216211931)
  [1m[35m (0.4ms)[0m  [1m[35mBEGIN[0m
  [1m[35m (43.8ms)[0m  [1m[35mCREATE TABLE "snippets" ("id" bigserial primary key, "trigger" text, "replacement" text, "type" text, "is_public" boolean, "tags" text, "taggable_type" character varying, "taggable_id" bigint, "supplier_id" bigint, "created_at" timestamp(6) NOT NULL, "updated_at" timestamp(6) NOT NULL, CONSTRAINT "fk_rails_0ffe75d866"
FOREIGN KEY ("supplier_id")
  REFERENCES "suppliers" ("id")
)[0m
  [1m[35m (0.5ms)[0m  [1m[31mROLLBACK[0m
  [1m[35m (0.7ms)[0m  [1m[34mSELECT pg_advisory_unlock(6302314972764189855)[0m
  [1m[35m (1.9ms)[0m  [1m[34mSELECT "schema_migrations"."version" FROM "schema_migrations" ORDER BY "schema_migrations"."version" ASC[0m
  [1m[35m (0.3ms)[0m  [1m[34mSELECT "schema_migrations"."version" FROM "schema_migrations" ORDER BY "schema_migrations"."version" ASC[0m
  [1m[35m (211.6ms)[0m  [1m[35mDROP DATABASE IF EXISTS "rails_app_development"[0m
  [1m[35m (175.2ms)[0m  [1m[35mDROP DATABASE IF EXISTS "rails_app_test"[0m
  [1m[35m (1274.6ms)[0m  [1m[35mCREATE DATABASE "rails_app_development" ENCODING = 'unicode'[0m
  [1m[35m (1244.2ms)[0m  [1m[35mCREATE DATABASE "rails_app_test" ENCODING = 'unicode'[0m
  [1m[35m (28.0ms)[0m  [1m[35mCREATE TABLE "schema_migrations" ("version" character varying NOT NULL PRIMARY KEY)[0m
  [1m[35m (11.7ms)[0m  [1m[35mCREATE TABLE "ar_internal_metadata" ("key" character varying NOT NULL PRIMARY KEY, "value" character varying, "created_at" timestamp(6) NOT NULL, "updated_at" timestamp(6) NOT NULL)[0m
  [1m[35m (0.9ms)[0m  [1m[34mSELECT pg_try_advisory_lock(6302314972764189855)[0m
  [1m[35m (1.1ms)[0m  [1m[34mSELECT "schema_migrations"."version" FROM "schema_migrations" ORDER BY "schema_migrations"."version" ASC[0m
Migrating to CreateSnippets (20201216211931)
  [1m[35m (0.4ms)[0m  [1m[35mBEGIN[0m
  [1m[35m (34.6ms)[0m  [1m[35mCREATE TABLE "snippets" ("id" bigserial primary key, "trigger" text, "replacement" text, "type" text, "is_public" boolean, "tags" text, "taggable_type" character varying, "taggable_id" bigint, "user_id" bigint, "created_at" timestamp(6) NOT NULL, "updated_at" timestamp(6) NOT NULL, CONSTRAINT "fk_rails_77e256d035"
FOREIGN KEY ("user_id")
  REFERENCES "users" ("id")
)[0m
  [1m[35m (0.2ms)[0m  [1m[31mROLLBACK[0m
  [1m[35m (0.4ms)[0m  [1m[34mSELECT pg_advisory_unlock(6302314972764189855)[0m
  [1m[35m (1.5ms)[0m  [1m[34mSELECT "schema_migrations"."version" FROM "schema_migrations" ORDER BY "schema_migrations"."version" ASC[0m
  [1m[35m (0.3ms)[0m  [1m[34mSELECT "schema_migrations"."version" FROM "schema_migrations" ORDER BY "schema_migrations"."version" ASC[0m
  [1m[35m (146.8ms)[0m  [1m[35mDROP DATABASE IF EXISTS "rails_app_development"[0m
  [1m[35m (135.8ms)[0m  [1m[35mDROP DATABASE IF EXISTS "rails_app_test"[0m
  [1m[35m (1248.1ms)[0m  [1m[35mCREATE DATABASE "rails_app_development" ENCODING = 'unicode'[0m
  [1m[35m (1242.7ms)[0m  [1m[35mCREATE DATABASE "rails_app_test" ENCODING = 'unicode'[0m
  [1m[35m (33.6ms)[0m  [1m[35mCREATE TABLE "schema_migrations" ("version" character varying NOT NULL PRIMARY KEY)[0m
  [1m[35m (11.9ms)[0m  [1m[35mCREATE TABLE "ar_internal_metadata" ("key" character varying NOT NULL PRIMARY KEY, "value" character varying, "created_at" timestamp(6) NOT NULL, "updated_at" timestamp(6) NOT NULL)[0m
  [1m[35m (1.4ms)[0m  [1m[34mSELECT pg_try_advisory_lock(6302314972764189855)[0m
  [1m[35m (2.5ms)[0m  [1m[34mSELECT "schema_migrations"."version" FROM "schema_migrations" ORDER BY "schema_migrations"."version" ASC[0m
Migrating to DeviseCreateUsers (20201216212348)
  [1m[35m (0.4ms)[0m  [1m[35mBEGIN[0m
  [1m[35m (30.8ms)[0m  [1m[35mCREATE TABLE "users" ("id" bigserial primary key, "email" character varying DEFAULT '' NOT NULL, "encrypted_password" character varying DEFAULT '' NOT NULL, "reset_password_token" character varying, "reset_password_sent_at" timestamp, "remember_created_at" timestamp, "created_at" timestamp(6) NOT NULL, "updated_at" timestamp(6) NOT NULL)[0m
  [1m[35m (4.7ms)[0m  [1m[35mCREATE UNIQUE INDEX  "index_users_on_email" ON "users"  ("email")[0m
  [1m[35m (5.2ms)[0m  [1m[35mCREATE UNIQUE INDEX  "index_users_on_reset_password_token" ON "users"  ("reset_password_token")[0m
  [1m[36mprimary::SchemaMigration Create (1.1ms)[0m  [1m[32mINSERT INTO "schema_migrations" ("version") VALUES ($1) RETURNING "version"[0m  [["version", "20201216212348"]]
  [1m[35m (0.5ms)[0m  [1m[35mCOMMIT[0m
Migrating to CreateTags (20201216213457)
  [1m[35m (1.4ms)[0m  [1m[35mBEGIN[0m
  [1m[35m (14.2ms)[0m  [1m[35mCREATE TABLE "tags" ("id" bigserial primary key, "slug" text, "is_public" boolean, "created_at" timestamp(6) NOT NULL, "updated_at" timestamp(6) NOT NULL)[0m
  [1m[36mprimary::SchemaMigration Create (0.6ms)[0m  [1m[32mINSERT INTO "schema_migrations" ("version") VALUES ($1) RETURNING "version"[0m  [["version", "20201216213457"]]
  [1m[35m (0.6ms)[0m  [1m[35mCOMMIT[0m
  [1m[36mActiveRecord::InternalMetadata Load (2.0ms)[0m  [1m[34mSELECT "ar_internal_metadata".* FROM "ar_internal_metadata" WHERE "ar_internal_metadata"."key" = $1 LIMIT $2[0m  [["key", "environment"], ["LIMIT", 1]]
  [1m[35m (0.2ms)[0m  [1m[35mBEGIN[0m
  [1m[36mActiveRecord::InternalMetadata Create (0.9ms)[0m  [1m[32mINSERT INTO "ar_internal_metadata" ("key", "value", "created_at", "updated_at") VALUES ($1, $2, $3, $4) RETURNING "key"[0m  [["key", "environment"], ["value", "development"], ["created_at", "2020-12-16 23:26:07.460827"], ["updated_at", "2020-12-16 23:26:07.460827"]]
  [1m[35m (0.5ms)[0m  [1m[35mCOMMIT[0m
  [1m[35m (0.3ms)[0m  [1m[34mSELECT pg_advisory_unlock(6302314972764189855)[0m
  [1m[35m (2.6ms)[0m  [1m[34mSELECT "schema_migrations"."version" FROM "schema_migrations" ORDER BY "schema_migrations"."version" ASC[0m
  [1m[35m (0.4ms)[0m  [1m[34mSELECT pg_try_advisory_lock(6302314972764189855)[0m
  [1m[35m (1.8ms)[0m  [1m[34mSELECT "schema_migrations"."version" FROM "schema_migrations" ORDER BY "schema_migrations"."version" ASC[0m
Migrating to CreateSnippets (20201216232658)
  [1m[35m (0.3ms)[0m  [1m[35mBEGIN[0m
  [1m[35m (35.9ms)[0m  [1m[35mCREATE TABLE "snippets" ("id" bigserial primary key, "trigger" text, "replacement" text, "type" text, "is_public" boolean, "tags" text, "taggable_type" character varying, "taggable_id" bigint, "user_id" bigint, "created_at" timestamp(6) NOT NULL, "updated_at" timestamp(6) NOT NULL, CONSTRAINT "fk_rails_77e256d035"
FOREIGN KEY ("user_id")
  REFERENCES "users" ("id")
)[0m
  [1m[35m (4.8ms)[0m  [1m[35mCREATE  INDEX  "index_snippets_on_taggable_type_and_taggable_id" ON "snippets"  ("taggable_type", "taggable_id")[0m
  [1m[35m (4.4ms)[0m  [1m[35mCREATE  INDEX  "index_snippets_on_user_id" ON "snippets"  ("user_id")[0m
  [1m[36mprimary::SchemaMigration Create (0.9ms)[0m  [1m[32mINSERT INTO "schema_migrations" ("version") VALUES ($1) RETURNING "version"[0m  [["version", "20201216232658"]]
  [1m[35m (1.5ms)[0m  [1m[35mCOMMIT[0m
Migrating to CreateSnippetsLists (20201216232742)
  [1m[35m (0.4ms)[0m  [1m[34mSELECT pg_advisory_unlock(6302314972764189855)[0m
  [1m[35m (2.7ms)[0m  [1m[34mSELECT "schema_migrations"."version" FROM "schema_migrations" ORDER BY "schema_migrations"."version" ASC[0m
  [1m[35m (2.5ms)[0m  [1m[34mSELECT "ar_internal_metadata"."value" FROM "ar_internal_metadata" WHERE "ar_internal_metadata"."key" = $1[0m  [["key", "environment"]]
  [1m[35m (0.5ms)[0m  [1m[34mSELECT "schema_migrations"."version" FROM "schema_migrations" ORDER BY "schema_migrations"."version" ASC[0m
  [1m[35m (0.3ms)[0m  [1m[34mSELECT "ar_internal_metadata"."value" FROM "ar_internal_metadata" WHERE "ar_internal_metadata"."key" = $1[0m  [["key", "environment"]]
  [1m[35m (0.2ms)[0m  [1m[34mSELECT "schema_migrations"."version" FROM "schema_migrations" ORDER BY "schema_migrations"."version" ASC[0m
  [1m[35m (0.3ms)[0m  [1m[34mSELECT "ar_internal_metadata"."value" FROM "ar_internal_metadata" WHERE "ar_internal_metadata"."key" = $1[0m  [["key", "environment"]]
  [1m[35m (183.0ms)[0m  [1m[35mDROP DATABASE IF EXISTS "rails_app_development"[0m
  [1m[35m (165.7ms)[0m  [1m[35mDROP DATABASE IF EXISTS "rails_app_test"[0m
  [1m[35m (1825.8ms)[0m  [1m[35mCREATE DATABASE "rails_app_development" ENCODING = 'unicode'[0m
  [1m[35m (1326.9ms)[0m  [1m[35mCREATE DATABASE "rails_app_test" ENCODING = 'unicode'[0m
  [1m[35m (28.2ms)[0m  [1m[35mCREATE TABLE "schema_migrations" ("version" character varying NOT NULL PRIMARY KEY)[0m
  [1m[35m (12.3ms)[0m  [1m[35mCREATE TABLE "ar_internal_metadata" ("key" character varying NOT NULL PRIMARY KEY, "value" character varying, "created_at" timestamp(6) NOT NULL, "updated_at" timestamp(6) NOT NULL)[0m
  [1m[35m (0.9ms)[0m  [1m[34mSELECT pg_try_advisory_lock(6302314972764189855)[0m
  [1m[35m (1.4ms)[0m  [1m[34mSELECT "schema_migrations"."version" FROM "schema_migrations" ORDER BY "schema_migrations"."version" ASC[0m
Migrating to DeviseCreateUsers (20201216212348)
  [1m[35m (0.2ms)[0m  [1m[35mBEGIN[0m
  [1m[35m (16.4ms)[0m  [1m[35mCREATE TABLE "users" ("id" bigserial primary key, "email" character varying DEFAULT '' NOT NULL, "encrypted_password" character varying DEFAULT '' NOT NULL, "reset_password_token" character varying, "reset_password_sent_at" timestamp, "remember_created_at" timestamp, "created_at" timestamp(6) NOT NULL, "updated_at" timestamp(6) NOT NULL)[0m
  [1m[35m (4.6ms)[0m  [1m[35mCREATE UNIQUE INDEX  "index_users_on_email" ON "users"  ("email")[0m
  [1m[35m (4.7ms)[0m  [1m[35mCREATE UNIQUE INDEX  "index_users_on_reset_password_token" ON "users"  ("reset_password_token")[0m
  [1m[36mprimary::SchemaMigration Create (0.9ms)[0m  [1m[32mINSERT INTO "schema_migrations" ("version") VALUES ($1) RETURNING "version"[0m  [["version", "20201216212348"]]
  [1m[35m (0.7ms)[0m  [1m[35mCOMMIT[0m
Migrating to CreateTags (20201216213457)
  [1m[35m (1.3ms)[0m  [1m[35mBEGIN[0m
  [1m[35m (14.0ms)[0m  [1m[35mCREATE TABLE "tags" ("id" bigserial primary key, "slug" text, "is_public" boolean, "created_at" timestamp(6) NOT NULL, "updated_at" timestamp(6) NOT NULL)[0m
  [1m[36mprimary::SchemaMigration Create (0.6ms)[0m  [1m[32mINSERT INTO "schema_migrations" ("version") VALUES ($1) RETURNING "version"[0m  [["version", "20201216213457"]]
  [1m[35m (0.7ms)[0m  [1m[35mCOMMIT[0m
Migrating to CreateSnippets (20201216232658)
  [1m[35m (1.1ms)[0m  [1m[35mBEGIN[0m
  [1m[35m (19.8ms)[0m  [1m[35mCREATE TABLE "snippets" ("id" bigserial primary key, "trigger" text, "replacement" text, "type" text, "is_public" boolean, "tags" text, "taggable_type" character varying, "taggable_id" bigint, "user_id" bigint, "created_at" timestamp(6) NOT NULL, "updated_at" timestamp(6) NOT NULL, CONSTRAINT "fk_rails_77e256d035"
FOREIGN KEY ("user_id")
  REFERENCES "users" ("id")
)[0m
  [1m[35m (5.7ms)[0m  [1m[35mCREATE  INDEX  "index_snippets_on_taggable_type_and_taggable_id" ON "snippets"  ("taggable_type", "taggable_id")[0m
  [1m[35m (5.7ms)[0m  [1m[35mCREATE  INDEX  "index_snippets_on_user_id" ON "snippets"  ("user_id")[0m
  [1m[36mprimary::SchemaMigration Create (0.6ms)[0m  [1m[32mINSERT INTO "schema_migrations" ("version") VALUES ($1) RETURNING "version"[0m  [["version", "20201216232658"]]
  [1m[35m (0.8ms)[0m  [1m[35mCOMMIT[0m
Migrating to CreateSnippetsLists (20201216232742)
  [1m[35m (0.6ms)[0m  [1m[34mSELECT pg_advisory_unlock(6302314972764189855)[0m
  [1m[35m (2.0ms)[0m  [1m[34mSELECT "schema_migrations"."version" FROM "schema_migrations" ORDER BY "schema_migrations"."version" ASC[0m
  [1m[35m (1.5ms)[0m  [1m[34mSELECT "ar_internal_metadata"."value" FROM "ar_internal_metadata" WHERE "ar_internal_metadata"."key" = $1[0m  [["key", "environment"]]
  [1m[36mActiveRecord::InternalMetadata Load (1.0ms)[0m  [1m[34mSELECT "ar_internal_metadata".* FROM "ar_internal_metadata" WHERE "ar_internal_metadata"."key" = $1 LIMIT $2[0m  [["key", "environment"], ["LIMIT", 1]]
  [1m[35m (0.2ms)[0m  [1m[35mBEGIN[0m
  [1m[36mActiveRecord::InternalMetadata Create (2.0ms)[0m  [1m[32mINSERT INTO "ar_internal_metadata" ("key", "value", "created_at", "updated_at") VALUES ($1, $2, $3, $4) RETURNING "key"[0m  [["key", "environment"], ["value", "development"], ["created_at", "2020-12-16 23:30:45.132215"], ["updated_at", "2020-12-16 23:30:45.132215"]]
  [1m[35m (1.2ms)[0m  [1m[35mCOMMIT[0m
  [1m[35m (2.2ms)[0m  [1m[34mSELECT "schema_migrations"."version" FROM "schema_migrations" ORDER BY "schema_migrations"."version" ASC[0m
  [1m[35m (1.6ms)[0m  [1m[34mSELECT "ar_internal_metadata"."value" FROM "ar_internal_metadata" WHERE "ar_internal_metadata"."key" = $1[0m  [["key", "environment"]]
  [1m[35m (0.3ms)[0m  [1m[34mSELECT "schema_migrations"."version" FROM "schema_migrations" ORDER BY "schema_migrations"."version" ASC[0m
  [1m[35m (0.3ms)[0m  [1m[34mSELECT "ar_internal_metadata"."value" FROM "ar_internal_metadata" WHERE "ar_internal_metadata"."key" = $1[0m  [["key", "environment"]]
  [1m[35m (0.2ms)[0m  [1m[34mSELECT "schema_migrations"."version" FROM "schema_migrations" ORDER BY "schema_migrations"."version" ASC[0m
  [1m[35m (0.2ms)[0m  [1m[34mSELECT "ar_internal_metadata"."value" FROM "ar_internal_metadata" WHERE "ar_internal_metadata"."key" = $1[0m  [["key", "environment"]]
  [1m[35m (141.0ms)[0m  [1m[35mDROP DATABASE IF EXISTS "rails_app_development"[0m
  [1m[35m (143.8ms)[0m  [1m[35mDROP DATABASE IF EXISTS "rails_app_test"[0m
  [1m[35m (1256.3ms)[0m  [1m[35mCREATE DATABASE "rails_app_development" ENCODING = 'unicode'[0m
  [1m[35m (1182.8ms)[0m  [1m[35mCREATE DATABASE "rails_app_test" ENCODING = 'unicode'[0m
  [1m[35m (35.9ms)[0m  [1m[35mCREATE TABLE "schema_migrations" ("version" character varying NOT NULL PRIMARY KEY)[0m
  [1m[35m (15.4ms)[0m  [1m[35mCREATE TABLE "ar_internal_metadata" ("key" character varying NOT NULL PRIMARY KEY, "value" character varying, "created_at" timestamp(6) NOT NULL, "updated_at" timestamp(6) NOT NULL)[0m
  [1m[35m (0.9ms)[0m  [1m[34mSELECT pg_try_advisory_lock(6302314972764189855)[0m
  [1m[35m (1.2ms)[0m  [1m[34mSELECT "schema_migrations"."version" FROM "schema_migrations" ORDER BY "schema_migrations"."version" ASC[0m
Migrating to DeviseCreateUsers (20201216212348)
  [1m[35m (0.2ms)[0m  [1m[35mBEGIN[0m
  [1m[35m (18.4ms)[0m  [1m[35mCREATE TABLE "users" ("id" bigserial primary key, "email" character varying DEFAULT '' NOT NULL, "encrypted_password" character varying DEFAULT '' NOT NULL, "reset_password_token" character varying, "reset_password_sent_at" timestamp, "remember_created_at" timestamp, "created_at" timestamp(6) NOT NULL, "updated_at" timestamp(6) NOT NULL)[0m
  [1m[35m (5.1ms)[0m  [1m[35mCREATE UNIQUE INDEX  "index_users_on_email" ON "users"  ("email")[0m
  [1m[35m (5.2ms)[0m  [1m[35mCREATE UNIQUE INDEX  "index_users_on_reset_password_token" ON "users"  ("reset_password_token")[0m
  [1m[36mprimary::SchemaMigration Create (1.0ms)[0m  [1m[32mINSERT INTO "schema_migrations" ("version") VALUES ($1) RETURNING "version"[0m  [["version", "20201216212348"]]
  [1m[35m (0.7ms)[0m  [1m[35mCOMMIT[0m
Migrating to CreateTags (20201216213457)
  [1m[35m (1.3ms)[0m  [1m[35mBEGIN[0m
  [1m[35m (16.1ms)[0m  [1m[35mCREATE TABLE "tags" ("id" bigserial primary key, "slug" text, "is_public" boolean, "created_at" timestamp(6) NOT NULL, "updated_at" timestamp(6) NOT NULL)[0m
  [1m[36mprimary::SchemaMigration Create (0.4ms)[0m  [1m[32mINSERT INTO "schema_migrations" ("version") VALUES ($1) RETURNING "version"[0m  [["version", "20201216213457"]]
  [1m[35m (1.4ms)[0m  [1m[35mCOMMIT[0m
Migrating to CreateSnippets (20201216232658)
  [1m[35m (1.5ms)[0m  [1m[35mBEGIN[0m
  [1m[35m (23.0ms)[0m  [1m[35mCREATE TABLE "snippets" ("id" bigserial primary key, "trigger" text, "replacement" text, "type" text, "is_public" boolean, "tags" text, "taggable_type" character varying, "taggable_id" bigint, "user_id" bigint, "created_at" timestamp(6) NOT NULL, "updated_at" timestamp(6) NOT NULL, CONSTRAINT "fk_rails_77e256d035"
FOREIGN KEY ("user_id")
  REFERENCES "users" ("id")
)[0m
  [1m[35m (4.7ms)[0m  [1m[35mCREATE  INDEX  "index_snippets_on_taggable_type_and_taggable_id" ON "snippets"  ("taggable_type", "taggable_id")[0m
  [1m[35m (4.8ms)[0m  [1m[35mCREATE  INDEX  "index_snippets_on_user_id" ON "snippets"  ("user_id")[0m
  [1m[36mprimary::SchemaMigration Create (0.5ms)[0m  [1m[32mINSERT INTO "schema_migrations" ("version") VALUES ($1) RETURNING "version"[0m  [["version", "20201216232658"]]
  [1m[35m (0.6ms)[0m  [1m[35mCOMMIT[0m
Migrating to CreateSnippetsLists (20201216233000)
  [1m[35m (1.4ms)[0m  [1m[35mBEGIN[0m
  [1m[35m (14.9ms)[0m  [1m[35mCREATE TABLE "snippets_lists" ("id" bigserial primary key, "is_public" boolean, "tags" text, "taggable_type" character varying, "taggable_id" bigint, "user_id" bigint, "created_at" timestamp(6) NOT NULL, "updated_at" timestamp(6) NOT NULL, CONSTRAINT "fk_rails_c2928bf121"
FOREIGN KEY ("user_id")
  REFERENCES "users" ("id")
)[0m
  [1m[35m (5.3ms)[0m  [1m[35mCREATE  INDEX  "index_snippets_lists_on_taggable_type_and_taggable_id" ON "snippets_lists"  ("taggable_type", "taggable_id")[0m
  [1m[35m (3.4ms)[0m  [1m[35mCREATE  INDEX  "index_snippets_lists_on_user_id" ON "snippets_lists"  ("user_id")[0m
  [1m[36mprimary::SchemaMigration Create (0.5ms)[0m  [1m[32mINSERT INTO "schema_migrations" ("version") VALUES ($1) RETURNING "version"[0m  [["version", "20201216233000"]]
  [1m[35m (0.6ms)[0m  [1m[35mCOMMIT[0m
  [1m[36mActiveRecord::InternalMetadata Load (1.1ms)[0m  [1m[34mSELECT "ar_internal_metadata".* FROM "ar_internal_metadata" WHERE "ar_internal_metadata"."key" = $1 LIMIT $2[0m  [["key", "environment"], ["LIMIT", 1]]
  [1m[35m (0.3ms)[0m  [1m[35mBEGIN[0m
  [1m[36mActiveRecord::InternalMetadata Create (1.1ms)[0m  [1m[32mINSERT INTO "ar_internal_metadata" ("key", "value", "created_at", "updated_at") VALUES ($1, $2, $3, $4) RETURNING "key"[0m  [["key", "environment"], ["value", "development"], ["created_at", "2020-12-16 23:31:01.289214"], ["updated_at", "2020-12-16 23:31:01.289214"]]
  [1m[35m (0.5ms)[0m  [1m[35mCOMMIT[0m
  [1m[35m (0.8ms)[0m  [1m[34mSELECT pg_advisory_unlock(6302314972764189855)[0m
  [1m[35m (2.3ms)[0m  [1m[34mSELECT "schema_migrations"."version" FROM "schema_migrations" ORDER BY "schema_migrations"."version" ASC[0m
